#
# A fatal error has been detected by the Java Runtime Environment:
#
#  SIGSEGV (0xb) at pc=0x00007f92a190bd44, pid=11709, tid=0x00007f925844e700
#
# JRE version: OpenJDK Runtime Environment (8.0_151-b12) (build 1.8.0_151-8u151-b12-0ubuntu0.16.04.2-b12)
# Java VM: OpenJDK 64-Bit Server VM (25.151-b12 mixed mode linux-amd64 compressed oops)
# Problematic frame:
# C  [libpthread.so.0+0x9d44]  pthread_mutex_lock+0x4
#
# Failed to write core dump. Core dumps have been disabled. To enable core dumping, try "ulimit -c unlimited" before starting Java again
#
# If you would like to submit a bug report, please visit:
#   http://bugreport.java.com/bugreport/crash.jsp
# The crash happened outside the Java Virtual Machine in native code.
# See problematic frame for where to report the bug.
#

---------------  T H R E A D  ---------------

Current thread (0x00007f929c566000):  JavaThread "AWT-EventQueue-0" [_thread_in_native, id=11783, stack(0x00007f925834e000,0x00007f925844f000)]

siginfo: si_signo: 11 (SIGSEGV), si_code: 1 (SEGV_MAPERR), si_addr: 0x0000000000000010

Registers:
RAX=0x00007f92a190bd40, RBX=0x00007f929c5576d0, RCX=0x000000000000015b, RDX=0x00007f925844be30
RSP=0x00007f925844bda0, RBP=0x00007f925844be10, RSI=0x00007f925844be20, RDI=0x0000000000000000
R8 =0x00007f925844be10, R9 =0x00007f929c55349d, R10=0x00007f9259fa7447, R11=0x0000000000000065
R12=0x00007f925844be0c, R13=0x00007f925844bf40, R14=0x00007f922002dd60, R15=0x00007f929c514cc0
RIP=0x00007f92a190bd44, EFLAGS=0x0000000000010206, CSGSFS=0x002b000000000033, ERR=0x0000000000000004
  TRAPNO=0x000000000000000e

Top of Stack: (sp=0x00007f925844bda0)
0x00007f925844bda0:   000000000000015c 00007f9259f3cbfa
0x00007f925844bdb0:   00007f925844be20 00007f925844be30
0x00007f925844bdc0:   00007f928a584100 00007f929c514cc0
0x00007f925844bdd0:   00007f922002dd60 ac6896e6492b9b00
0x00007f925844bde0:   00007f929c514cc0 00007f922002dd60
0x00007f925844bdf0:   00007f922002e120 00007f9259f18f86
0x00007f925844be00:   00007f922002e120 656d69546b63696c
0x00007f925844be10:   00007f922002e120 00007f922002dd60
0x00007f925844be20:   0000015c0000015b 00007f9200000000
0x00007f925844be30:   0000015700000156 00007f9200000000
0x00007f925844be40:   00007f925844bf48 ac6896e6492b9b00
0x00007f925844be50:   00007f929c5661e0 00007f925844beb0
0x00007f925844be60:   00007f925844bf48 00007f925a471485
0x00007f925844be70:   0000000000000000 00007f922002e120
0x00007f925844be80:   00007f925844bf58 00007f928a584148
0x00007f925844be90:   0000000000000000 00007f928a584148
0x00007f925844bea0:   00007f925844bf58 00007f929c566000
0x00007f925844beb0:   00007f925844bf20 00007f928bd7b774
0x00007f925844bec0:   00007f925844bf20 00007f928bd7b4f9
0x00007f925844bed0:   fffffffe00000000 00007f928bd7b4c2
0x00007f925844bee0:   00007f925844bee0 00007f928a584148
0x00007f925844bef0:   00007f925844bf58 00007f928a5876e0
0x00007f925844bf00:   0000000000000000 00007f928a584148
0x00007f925844bf10:   0000000000000000 00007f925844bf40
0x00007f925844bf20:   00007f925844bfa0 00007f928bd6bd80
0x00007f925844bf30:   00000000d787a468 00007f928bd7527b
0x00007f925844bf40:   00000000d7c67ba8 00000000d6ea3960
0x00007f925844bf50:   00007f929c514cc0 00007f928bd6bb10
0x00007f925844bf60:   00007f925844bf60 00007f928a53c73c
0x00007f925844bf70:   00007f925844bfb8 00007f928a552c28
0x00007f925844bf80:   0000000000000000 00007f928a53c7e0
0x00007f925844bf90:   00007f925844bf40 00007f925844bfc0 

Instructions: (pc=0x00007f92a190bd44)
0x00007f92a190bd24:   f0 02 00 00 00 00 00 00 b8 82 00 00 00 e9 d8 f9
0x00007f92a190bd34:   ff ff 66 2e 0f 1f 84 00 00 00 00 00 48 83 ec 08
0x00007f92a190bd44:   8b 57 10 89 d1 81 e1 7f 01 00 00 90 89 d0 83 e0
0x00007f92a190bd54:   7c 0f 85 95 00 00 00 85 c9 49 89 f8 0f 85 9a 00 

Register to memory mapping:

RAX=0x00007f92a190bd40: pthread_mutex_lock+0 in /lib/x86_64-linux-gnu/libpthread.so.0 at 0x00007f92a1902000
RBX=0x00007f929c5576d0 is an unknown value
RCX=0x000000000000015b is an unknown value
RDX=0x00007f925844be30 is pointing into the stack for thread: 0x00007f929c566000
RSP=0x00007f925844bda0 is pointing into the stack for thread: 0x00007f929c566000
RBP=0x00007f925844be10 is pointing into the stack for thread: 0x00007f929c566000
RSI=0x00007f925844be20 is pointing into the stack for thread: 0x00007f929c566000
RDI=0x0000000000000000 is an unknown value
R8 =0x00007f925844be10 is pointing into the stack for thread: 0x00007f929c566000
R9 =0x00007f929c55349d is an unknown value
R10=0x00007f9259fa7447: <offset 0xb0447> in /usr/lib/x86_64-linux-gnu/libX11.so.6 at 0x00007f9259ef7000
R11=0x0000000000000065 is an unknown value
R12=0x00007f925844be0c is pointing into the stack for thread: 0x00007f929c566000
R13=0x00007f925844bf40 is pointing into the stack for thread: 0x00007f929c566000
R14=0x00007f922002dd60 is an unknown value
R15=0x00007f929c514cc0 is an unknown value


Stack: [0x00007f925834e000,0x00007f925844f000],  sp=0x00007f925844bda0,  free space=1015k
Native frames: (J=compiled Java code, j=interpreted, Vv=VM code, C=native code)
C  [libpthread.so.0+0x9d44]  pthread_mutex_lock+0x4
C  0x00007f922002dd60

Java frames: (J=compiled Java code, j=interpreted, Vv=VM code)
j  sun.awt.X11.XlibWrapper.XGetDefault(JLjava/lang/String;Ljava/lang/String;)Ljava/lang/String;+0
j  sun.awt.X11.XToolkit.initializeMultiClickTime()V+12
j  sun.awt.X11.XToolkit.getMultiClickTime()I+6
j  sun.awt.X11.XToolkit.initializeDesktopProperties()V+82
j  java.awt.Toolkit.getDesktopProperty(Ljava/lang/String;)Ljava/lang/Object;+32
j  sun.swing.SwingUtilities2$AATextInfo.getAATextInfo(Z)Lsun/swing/SwingUtilities2$AATextInfo;+11
j  javax.swing.plaf.metal.MetalLookAndFeel.initComponentDefaults(Ljavax/swing/UIDefaults;)V+12062
j  javax.swing.plaf.basic.BasicLookAndFeel.getDefaults()Ljavax/swing/UIDefaults;+25
j  javax.swing.plaf.metal.MetalLookAndFeel.getDefaults()Ljavax/swing/UIDefaults;+9
j  javax.swing.UIManager.setLookAndFeel(Ljavax/swing/LookAndFeel;)V+79
j  javax.swing.UIManager.setLookAndFeel(Ljava/lang/String;)V+16
j  javax.swing.UIManager.initializeDefaultLAF(Ljava/util/Properties;)V+55
j  javax.swing.UIManager.initialize()V+9
j  javax.swing.UIManager.maybeInitialize()V+22
j  javax.swing.UIManager.getUI(Ljavax/swing/JComponent;)Ljavax/swing/plaf/ComponentUI;+0
j  javax.swing.JPanel.updateUI()V+2
j  javax.swing.JPanel.<init>(Ljava/awt/LayoutManager;Z)V+24
j  javax.swing.JPanel.<init>(Z)V+9
j  javax.swing.JPanel.<init>()V+2
j  javax.swing.JRootPane.createGlassPane()Ljava/awt/Component;+4
j  javax.swing.JRootPane.<init>()V+11
j  javax.swing.JFrame.createRootPane()Ljavax/swing/JRootPane;+4
j  javax.swing.JFrame.frameInit()V+16
j  javax.swing.JFrame.<init>(Ljava/lang/String;)V+21
j  PlayerView.<init>(Ljava/lang/String;)V+14
j  Server$1.run()V+8
j  java.awt.event.InvocationEvent.dispatch()V+47
j  java.awt.EventQueue.dispatchEventImpl(Ljava/awt/AWTEvent;Ljava/lang/Object;)V+21
j  java.awt.EventQueue.access$500(Ljava/awt/EventQueue;Ljava/awt/AWTEvent;Ljava/lang/Object;)V+3
j  java.awt.EventQueue$3.run()Ljava/lang/Void;+32
j  java.awt.EventQueue$3.run()Ljava/lang/Object;+1
v  ~StubRoutines::call_stub
j  java.security.AccessController.doPrivileged(Ljava/security/PrivilegedAction;Ljava/security/AccessControlContext;)Ljava/lang/Object;+0
j  java.security.ProtectionDomain$JavaSecurityAccessImpl.doIntersectionPrivilege(Ljava/security/PrivilegedAction;Ljava/security/AccessControlContext;Ljava/security/AccessControlContext;)Ljava/lang/Object;+18
j  java.awt.EventQueue.dispatchEvent(Ljava/awt/AWTEvent;)V+46
j  java.awt.EventDispatchThread.pumpOneEventForFilters(I)V+245
j  java.awt.EventDispatchThread.pumpEventsForFilter(ILjava/awt/Conditional;Ljava/awt/EventFilter;)V+35
j  java.awt.EventDispatchThread.pumpEventsForHierarchy(ILjava/awt/Conditional;Ljava/awt/Component;)V+11
j  java.awt.EventDispatchThread.pumpEvents(ILjava/awt/Conditional;)V+4
j  java.awt.EventDispatchThread.pumpEvents(Ljava/awt/Conditional;)V+3
j  java.awt.EventDispatchThread.run()V+9
v  ~StubRoutines::call_stub

---------------  P R O C E S S  ---------------

Java Threads: ( => current thread )
=>0x00007f929c566000 JavaThread "AWT-EventQueue-0" [_thread_in_native, id=11783, stack(0x00007f925834e000,0x00007f925844f000)]
  0x00007f929c564000 JavaThread "AWT-Shutdown" [_thread_blocked, id=11782, stack(0x00007f925844f000,0x00007f9258550000)]
  0x00007f929c560000 JavaThread "AWT-XAWT" daemon [_thread_in_native, id=11781, stack(0x00007f9258550000,0x00007f9258651000)]
  0x00007f929c53f800 JavaThread "Java2D Disposer" daemon [_thread_blocked, id=11780, stack(0x00007f9258a61000,0x00007f9258b62000)]
  0x00007f929c45a000 JavaThread "process reaper" daemon [_thread_blocked, id=11779, stack(0x00007f925a99f000,0x00007f925a9d8000)]
  0x00007f929c345800 JavaThread "Service Thread" daemon [_thread_blocked, id=11748, stack(0x00007f925acf2000,0x00007f925adf3000)]
  0x00007f929c32e800 JavaThread "C1 CompilerThread3" daemon [_thread_blocked, id=11747, stack(0x00007f925b00b000,0x00007f925b10c000)]
  0x00007f929c32c800 JavaThread "C2 CompilerThread2" daemon [_thread_blocked, id=11746, stack(0x00007f925b10c000,0x00007f925b20d000)]
  0x00007f929c32a000 JavaThread "C2 CompilerThread1" daemon [_thread_in_native, id=11745, stack(0x00007f925b20d000,0x00007f925b30e000)]
  0x00007f929c328000 JavaThread "C2 CompilerThread0" daemon [_thread_blocked, id=11744, stack(0x00007f925b30e000,0x00007f925b40f000)]
  0x00007f929c326800 JavaThread "Monitor Ctrl-Break" daemon [_thread_in_native, id=11743, stack(0x00007f925b40f000,0x00007f925b510000)]
  0x00007f929c1fc000 JavaThread "Signal Dispatcher" daemon [_thread_blocked, id=11742, stack(0x00007f927803e000,0x00007f927813f000)]
  0x00007f929c1d4800 JavaThread "Finalizer" daemon [_thread_blocked, id=11734, stack(0x00007f927813f000,0x00007f9278240000)]
  0x00007f929c1d0000 JavaThread "Reference Handler" daemon [_thread_blocked, id=11731, stack(0x00007f92880ef000,0x00007f92881f0000)]
  0x00007f929c00b800 JavaThread "main" [_thread_in_native, id=11712, stack(0x00007f92a2619000,0x00007f92a271a000)]

Other Threads:
  0x00007f929c1c8800 VMThread [stack: 0x00007f92881f0000,0x00007f92882f1000] [id=11729]
  0x00007f929c348000 WatcherThread [stack: 0x00007f925abf1000,0x00007f925acf2000] [id=11749]

VM state:not at safepoint (normal execution)

VM Mutex/Monitor currently owned by a thread: None

Heap:
 PSYoungGen      total 36864K, used 15392K [0x00000000d6d80000, 0x00000000d9680000, 0x0000000100000000)
  eden space 31744K, 48% used [0x00000000d6d80000,0x00000000d7c88358,0x00000000d8c80000)
  from space 5120K, 0% used [0x00000000d9180000,0x00000000d9180000,0x00000000d9680000)
  to   space 5120K, 0% used [0x00000000d8c80000,0x00000000d8c80000,0x00000000d9180000)
 ParOldGen       total 84992K, used 0K [0x0000000084800000, 0x0000000089b00000, 0x00000000d6d80000)
  object space 84992K, 0% used [0x0000000084800000,0x0000000084800000,0x0000000089b00000)
 Metaspace       used 8624K, capacity 8806K, committed 9088K, reserved 1056768K
  class space    used 939K, capacity 1037K, committed 1152K, reserved 1048576K

Card table byte_map: [0x00007f928b5c7000,0x00007f928b9a4000] byte_map_base: 0x00007f928b1a3000

Marking Bits: (ParMarkBitMap*) 0x00007f92a18e52c0
 Begin Bits: [0x00007f9278240000, 0x00007f927a120000)
 End Bits:   [0x00007f927a120000, 0x00007f927c000000)

Polling page: 0x00007f92a2738000

CodeCache: size=245760Kb used=2129Kb max_used=2129Kb free=243630Kb
 bounds [0x00007f928bd64000, 0x00007f928bfd4000, 0x00007f929ad64000]
 total_blobs=901 nmethods=454 adapters=362
 compilation: enabled

Compilation events (10 events):
Event: 22,025 Thread 0x00007f929c32e800 nmethod 450 0x00007f928bf75a50 code [0x00007f928bf75bc0, 0x00007f928bf75e90]
Event: 22,026 Thread 0x00007f929c32e800  452       3       sun.awt.X11.Native::getInt (8 bytes)
Event: 22,026 Thread 0x00007f929c32e800 nmethod 452 0x00007f928bf76510 code [0x00007f928bf76680, 0x00007f928bf767d0]
Event: 22,035 Thread 0x00007f929c32e800  453       3       java.lang.invoke.MethodType::toMethodDescriptorString (21 bytes)
Event: 22,036 Thread 0x00007f929c32e800 nmethod 453 0x00007f928bf77090 code [0x00007f928bf772a0, 0x00007f928bf77d98]
Event: 22,036 Thread 0x00007f929c32a000  454       4       java.lang.String::equals (81 bytes)
Event: 22,036 Thread 0x00007f929c32e800  455       3       java.lang.invoke.MethodType$ConcurrentWeakInternSet$WeakEntry::equals (49 bytes)
Event: 22,036 Thread 0x00007f929c32e800 nmethod 455 0x00007f928bf784d0 code [0x00007f928bf78660, 0x00007f928bf78cc8]
Event: 22,036 Thread 0x00007f929c32e800  456       3       jdk.internal.org.objectweb.asm.Item::<init> (5 bytes)
Event: 22,036 Thread 0x00007f929c32e800 nmethod 456 0x00007f928bf78dd0 code [0x00007f928bf78f40, 0x00007f928bf790f0]

GC Heap History (0 events):
No events

Deoptimization events (2 events):
Event: 21,954 Thread 0x00007f929c00b800 Uncommon trap: reason=unstable_if action=reinterpret pc=0x00007f928bf12670 method=java.lang.String.replace(CC)Ljava/lang/String; @ 26
Event: 22,032 Thread 0x00007f929c566000 Uncommon trap: reason=null_check action=make_not_entrant pc=0x00007f928be7493c method=java.lang.String.equals(Ljava/lang/Object;)Z @ 8

Internal exceptions (10 events):
Event: 21,855 Thread 0x00007f929c00b800 Exception <a 'java/security/PrivilegedActionException'> (0x00000000d70e89a0) thrown at [/build/openjdk-8-W2Qe27/openjdk-8-8u151-b12/src/hotspot/src/share/vm/prims/jvm.cpp, line 1390]
Event: 21,855 Thread 0x00007f929c00b800 Exception <a 'java/security/PrivilegedActionException'> (0x00000000d70e8bb0) thrown at [/build/openjdk-8-W2Qe27/openjdk-8-8u151-b12/src/hotspot/src/share/vm/prims/jvm.cpp, line 1390]
Event: 21,855 Thread 0x00007f929c00b800 Exception <a 'java/security/PrivilegedActionException'> (0x00000000d70e9688) thrown at [/build/openjdk-8-W2Qe27/openjdk-8-8u151-b12/src/hotspot/src/share/vm/prims/jvm.cpp, line 1390]
Event: 21,855 Thread 0x00007f929c00b800 Exception <a 'java/security/PrivilegedActionException'> (0x00000000d70e9898) thrown at [/build/openjdk-8-W2Qe27/openjdk-8-8u151-b12/src/hotspot/src/share/vm/prims/jvm.cpp, line 1390]
Event: 21,904 Thread 0x00007f929c00b800 Exception <a 'java/lang/NoSuchFieldError': method resolution failed> (0x00000000d738f010) thrown at [/build/openjdk-8-W2Qe27/openjdk-8-8u151-b12/src/hotspot/src/share/vm/prims/methodHandles.cpp, line 1146]
Event: 21,906 Thread 0x00007f929c00b800 Exception <a 'java/lang/NoSuchFieldError': method resolution failed> (0x00000000d739cc30) thrown at [/build/openjdk-8-W2Qe27/openjdk-8-8u151-b12/src/hotspot/src/share/vm/prims/methodHandles.cpp, line 1146]
Event: 21,960 Thread 0x00007f929c00b800 Exception <a 'java/io/FileNotFoundException'> (0x00000000d783f9a0) thrown at [/build/openjdk-8-W2Qe27/openjdk-8-8u151-b12/src/hotspot/src/share/vm/prims/jni.cpp, line 709]
Event: 21,960 Thread 0x00007f929c00b800 Exception <a 'java/io/FileNotFoundException'> (0x00000000d7840488) thrown at [/build/openjdk-8-W2Qe27/openjdk-8-8u151-b12/src/hotspot/src/share/vm/prims/jni.cpp, line 709]
Event: 21,968 Thread 0x00007f929c00b800 Exception <a 'java/lang/ClassNotFoundException': sun/dc/DuctusRenderingEngine> (0x00000000d78a6d20) thrown at [/build/openjdk-8-W2Qe27/openjdk-8-8u151-b12/src/hotspot/src/share/vm/classfile/systemDictionary.cpp, line 210]
Event: 22,032 Thread 0x00007f929c566000 Implicit null exception at 0x00007f928be74755 to 0x00007f928be7492d

Events (10 events):
Event: 22,033 loading class javax/swing/plaf/DimensionUIResource
Event: 22,033 loading class javax/swing/plaf/DimensionUIResource done
Event: 22,033 loading class javax/swing/UIDefaults$LazyInputMap
Event: 22,034 loading class javax/swing/UIDefaults$LazyInputMap done
Event: 22,035 loading class javax/swing/plaf/metal/MetalLookAndFeel$FontActiveValue
Event: 22,035 loading class javax/swing/plaf/metal/MetalLookAndFeel$FontActiveValue done
Event: 22,036 loading class sun/swing/SwingUtilities2$AATextInfo
Event: 22,036 loading class sun/swing/SwingUtilities2$AATextInfo done
Event: 22,037 loading class sun/awt/HeadlessToolkit
Event: 22,037 loading class sun/awt/HeadlessToolkit done


Dynamic libraries:
00400000-00401000 r-xp 00000000 08:06 20845903                           /usr/lib/jvm/java-8-openjdk-amd64/jre/bin/java
00600000-00601000 r--p 00000000 08:06 20845903                           /usr/lib/jvm/java-8-openjdk-amd64/jre/bin/java
00601000-00602000 rw-p 00001000 08:06 20845903                           /usr/lib/jvm/java-8-openjdk-amd64/jre/bin/java
013a8000-013c9000 rw-p 00000000 00:00 0                                  [heap]
84800000-89b00000 rw-p 00000000 00:00 0 
89b00000-d6d80000 ---p 00000000 00:00 0 
d6d80000-d9680000 rw-p 00000000 00:00 0 
d9680000-100000000 ---p 00000000 00:00 0 
100000000-100120000 rw-p 00000000 00:00 0 
100120000-140000000 ---p 00000000 00:00 0 
7f921c000000-7f921c021000 rw-p 00000000 00:00 0 
7f921c021000-7f9220000000 ---p 00000000 00:00 0 
7f9220000000-7f9220048000 rw-p 00000000 00:00 0 
7f9220048000-7f9224000000 ---p 00000000 00:00 0 
7f9224000000-7f9224021000 rw-p 00000000 00:00 0 
7f9224021000-7f9228000000 ---p 00000000 00:00 0 
7f9228000000-7f9228021000 rw-p 00000000 00:00 0 
7f9228021000-7f922c000000 ---p 00000000 00:00 0 
7f922c000000-7f922c021000 rw-p 00000000 00:00 0 
7f922c021000-7f9230000000 ---p 00000000 00:00 0 
7f9230000000-7f9230021000 rw-p 00000000 00:00 0 
7f9230021000-7f9234000000 ---p 00000000 00:00 0 
7f9234000000-7f9234021000 rw-p 00000000 00:00 0 
7f9234021000-7f9238000000 ---p 00000000 00:00 0 
7f9238000000-7f92381ec000 rw-p 00000000 00:00 0 
7f92381ec000-7f923c000000 ---p 00000000 00:00 0 
7f923cfff000-7f9240000000 rw-p 00000000 00:00 0 
7f9240000000-7f924010d000 rw-p 00000000 00:00 0 
7f924010d000-7f9244000000 ---p 00000000 00:00 0 
7f9244000000-7f924404c000 rw-p 00000000 00:00 0 
7f924404c000-7f9248000000 ---p 00000000 00:00 0 
7f9248000000-7f9248021000 rw-p 00000000 00:00 0 
7f9248021000-7f924c000000 ---p 00000000 00:00 0 
7f924c000000-7f924c123000 rw-p 00000000 00:00 0 
7f924c123000-7f9250000000 ---p 00000000 00:00 0 
7f9250000000-7f9250021000 rw-p 00000000 00:00 0 
7f9250021000-7f9254000000 ---p 00000000 00:00 0 
7f9254000000-7f9254021000 rw-p 00000000 00:00 0 
7f9254021000-7f9258000000 ---p 00000000 00:00 0 
7f925834e000-7f9258351000 ---p 00000000 00:00 0 
7f9258351000-7f925844f000 rw-p 00000000 00:00 0 
7f925844f000-7f9258452000 ---p 00000000 00:00 0 
7f9258452000-7f9258550000 rw-p 00000000 00:00 0 
7f9258550000-7f9258553000 ---p 00000000 00:00 0 
7f9258553000-7f9258651000 rw-p 00000000 00:00 0 
7f9258651000-7f9258656000 r-xp 00000000 08:06 20717251                   /usr/lib/x86_64-linux-gnu/libXfixes.so.3.1.0
7f9258656000-7f9258855000 ---p 00005000 08:06 20717251                   /usr/lib/x86_64-linux-gnu/libXfixes.so.3.1.0
7f9258855000-7f9258856000 r--p 00004000 08:06 20717251                   /usr/lib/x86_64-linux-gnu/libXfixes.so.3.1.0
7f9258856000-7f9258857000 rw-p 00005000 08:06 20717251                   /usr/lib/x86_64-linux-gnu/libXfixes.so.3.1.0
7f9258857000-7f9258860000 r-xp 00000000 08:06 20717243                   /usr/lib/x86_64-linux-gnu/libXcursor.so.1.0.2
7f9258860000-7f9258a5f000 ---p 00009000 08:06 20717243                   /usr/lib/x86_64-linux-gnu/libXcursor.so.1.0.2
7f9258a5f000-7f9258a60000 r--p 00008000 08:06 20717243                   /usr/lib/x86_64-linux-gnu/libXcursor.so.1.0.2
7f9258a60000-7f9258a61000 rw-p 00009000 08:06 20717243                   /usr/lib/x86_64-linux-gnu/libXcursor.so.1.0.2
7f9258a61000-7f9258a64000 ---p 00000000 00:00 0 
7f9258a64000-7f9258b62000 rw-p 00000000 00:00 0 
7f9258b62000-7f9258b86000 r-xp 00000000 08:06 266824                     /lib/x86_64-linux-gnu/libpng12.so.0.54.0
7f9258b86000-7f9258d85000 ---p 00024000 08:06 266824                     /lib/x86_64-linux-gnu/libpng12.so.0.54.0
7f9258d85000-7f9258d86000 r--p 00023000 08:06 266824                     /lib/x86_64-linux-gnu/libpng12.so.0.54.0
7f9258d86000-7f9258d87000 rw-p 00024000 08:06 266824                     /lib/x86_64-linux-gnu/libpng12.so.0.54.0
7f9258d87000-7f9258e2b000 r-xp 00000000 08:06 20717674                   /usr/lib/x86_64-linux-gnu/libfreetype.so.6.12.1
7f9258e2b000-7f925902a000 ---p 000a4000 08:06 20717674                   /usr/lib/x86_64-linux-gnu/libfreetype.so.6.12.1
7f925902a000-7f9259030000 r--p 000a3000 08:06 20717674                   /usr/lib/x86_64-linux-gnu/libfreetype.so.6.12.1
7f9259030000-7f9259031000 rw-p 000a9000 08:06 20717674                   /usr/lib/x86_64-linux-gnu/libfreetype.so.6.12.1
7f9259031000-7f9259083000 r-xp 00000000 08:06 20845853                   /usr/lib/jvm/java-8-openjdk-amd64/jre/lib/amd64/libfontmanager.so
7f9259083000-7f9259283000 ---p 00052000 08:06 20845853                   /usr/lib/jvm/java-8-openjdk-amd64/jre/lib/amd64/libfontmanager.so
7f9259283000-7f9259285000 r--p 00052000 08:06 20845853                   /usr/lib/jvm/java-8-openjdk-amd64/jre/lib/amd64/libfontmanager.so
7f9259285000-7f9259286000 rw-p 00054000 08:06 20845853                   /usr/lib/jvm/java-8-openjdk-amd64/jre/lib/amd64/libfontmanager.so
7f9259286000-7f92592ab000 r--p 00000000 08:06 22549145                   /usr/share/locale-langpack/pl/LC_MESSAGES/libc.mo
7f92592ab000-7f92592b0000 r-xp 00000000 08:06 20717247                   /usr/lib/x86_64-linux-gnu/libXdmcp.so.6.0.0
7f92592b0000-7f92594af000 ---p 00005000 08:06 20717247                   /usr/lib/x86_64-linux-gnu/libXdmcp.so.6.0.0
7f92594af000-7f92594b0000 r--p 00004000 08:06 20717247                   /usr/lib/x86_64-linux-gnu/libXdmcp.so.6.0.0
7f92594b0000-7f92594b1000 rw-p 00005000 08:06 20717247                   /usr/lib/x86_64-linux-gnu/libXdmcp.so.6.0.0
7f92594b1000-7f92594b3000 r-xp 00000000 08:06 20717236                   /usr/lib/x86_64-linux-gnu/libXau.so.6.0.0
7f92594b3000-7f92596b3000 ---p 00002000 08:06 20717236                   /usr/lib/x86_64-linux-gnu/libXau.so.6.0.0
7f92596b3000-7f92596b4000 r--p 00002000 08:06 20717236                   /usr/lib/x86_64-linux-gnu/libXau.so.6.0.0
7f92596b4000-7f92596b5000 rw-p 00003000 08:06 20717236                   /usr/lib/x86_64-linux-gnu/libXau.so.6.0.0
7f92596b5000-7f92596d6000 r-xp 00000000 08:06 20718654                   /usr/lib/x86_64-linux-gnu/libxcb.so.1.1.0
7f92596d6000-7f92598d5000 ---p 00021000 08:06 20718654                   /usr/lib/x86_64-linux-gnu/libxcb.so.1.1.0
7f92598d5000-7f92598d6000 r--p 00020000 08:06 20718654                   /usr/lib/x86_64-linux-gnu/libxcb.so.1.1.0
7f92598d6000-7f92598d7000 rw-p 00021000 08:06 20718654                   /usr/lib/x86_64-linux-gnu/libxcb.so.1.1.0
7f92598d7000-7f92598e6000 r-xp 00000000 08:06 20717259                   /usr/lib/x86_64-linux-gnu/libXi.so.6.1.0
7f92598e6000-7f9259ae5000 ---p 0000f000 08:06 20717259                   /usr/lib/x86_64-linux-gnu/libXi.so.6.1.0
7f9259ae5000-7f9259ae6000 r--p 0000e000 08:06 20717259                   /usr/lib/x86_64-linux-gnu/libXi.so.6.1.0
7f9259ae6000-7f9259ae7000 rw-p 0000f000 08:06 20717259                   /usr/lib/x86_64-linux-gnu/libXi.so.6.1.0
7f9259ae7000-7f9259aec000 r-xp 00000000 08:06 20717277                   /usr/lib/x86_64-linux-gnu/libXtst.so.6.1.0
7f9259aec000-7f9259ceb000 ---p 00005000 08:06 20717277                   /usr/lib/x86_64-linux-gnu/libXtst.so.6.1.0
7f9259ceb000-7f9259cec000 r--p 00004000 08:06 20717277                   /usr/lib/x86_64-linux-gnu/libXtst.so.6.1.0
7f9259cec000-7f9259ced000 rw-p 00005000 08:06 20717277                   /usr/lib/x86_64-linux-gnu/libXtst.so.6.1.0
7f9259ced000-7f9259cf6000 r-xp 00000000 08:06 20717271                   /usr/lib/x86_64-linux-gnu/libXrender.so.1.3.0
7f9259cf6000-7f9259ef5000 ---p 00009000 08:06 20717271                   /usr/lib/x86_64-linux-gnu/libXrender.so.1.3.0
7f9259ef5000-7f9259ef6000 r--p 00008000 08:06 20717271                   /usr/lib/x86_64-linux-gnu/libXrender.so.1.3.0
7f9259ef6000-7f9259ef7000 rw-p 00009000 08:06 20717271                   /usr/lib/x86_64-linux-gnu/libXrender.so.1.3.0
7f9259ef7000-7f925a02c000 r-xp 00000000 08:06 20717232                   /usr/lib/x86_64-linux-gnu/libX11.so.6.3.0
7f925a02c000-7f925a22c000 ---p 00135000 08:06 20717232                   /usr/lib/x86_64-linux-gnu/libX11.so.6.3.0
7f925a22c000-7f925a22d000 r--p 00135000 08:06 20717232                   /usr/lib/x86_64-linux-gnu/libX11.so.6.3.0
7f925a22d000-7f925a231000 rw-p 00136000 08:06 20717232                   /usr/lib/x86_64-linux-gnu/libX11.so.6.3.0
7f925a231000-7f925a242000 r-xp 00000000 08:06 20717249                   /usr/lib/x86_64-linux-gnu/libXext.so.6.4.0
7f925a242000-7f925a441000 ---p 00011000 08:06 20717249                   /usr/lib/x86_64-linux-gnu/libXext.so.6.4.0
7f925a441000-7f925a442000 r--p 00010000 08:06 20717249                   /usr/lib/x86_64-linux-gnu/libXext.so.6.4.0
7f925a442000-7f925a443000 rw-p 00011000 08:06 20717249                   /usr/lib/x86_64-linux-gnu/libXext.so.6.4.0
7f925a443000-7f925a497000 r-xp 00000000 08:06 20845854                   /usr/lib/jvm/java-8-openjdk-amd64/jre/lib/amd64/libawt_xawt.so
7f925a497000-7f925a697000 ---p 00054000 08:06 20845854                   /usr/lib/jvm/java-8-openjdk-amd64/jre/lib/amd64/libawt_xawt.so
7f925a697000-7f925a698000 r--p 00054000 08:06 20845854                   /usr/lib/jvm/java-8-openjdk-amd64/jre/lib/amd64/libawt_xawt.so
7f925a698000-7f925a69b000 rw-p 00055000 08:06 20845854                   /usr/lib/jvm/java-8-openjdk-amd64/jre/lib/amd64/libawt_xawt.so
7f925a69b000-7f925a69c000 rw-p 00000000 00:00 0 
7f925a69c000-7f925a73c000 r-xp 00000000 08:06 20845870                   /usr/lib/jvm/java-8-openjdk-amd64/jre/lib/amd64/libawt.so
7f925a73c000-7f925a93c000 ---p 000a0000 08:06 20845870                   /usr/lib/jvm/java-8-openjdk-amd64/jre/lib/amd64/libawt.so
7f925a93c000-7f925a93d000 r--p 000a0000 08:06 20845870                   /usr/lib/jvm/java-8-openjdk-amd64/jre/lib/amd64/libawt.so
7f925a93d000-7f925a948000 rw-p 000a1000 08:06 20845870                   /usr/lib/jvm/java-8-openjdk-amd64/jre/lib/amd64/libawt.so
7f925a948000-7f925a96d000 rw-p 00000000 00:00 0 
7f925a99f000-7f925a9a2000 ---p 00000000 00:00 0 
7f925a9a2000-7f925a9d8000 rw-p 00000000 00:00 0 
7f925a9d8000-7f925a9f0000 r-xp 00000000 08:06 19530077                   /tmp/jna--1508977108/jna2087028437128494255.tmp (deleted)
7f925a9f0000-7f925abf0000 ---p 00018000 08:06 19530077                   /tmp/jna--1508977108/jna2087028437128494255.tmp (deleted)
7f925abf0000-7f925abf1000 rw-p 00018000 08:06 19530077                   /tmp/jna--1508977108/jna2087028437128494255.tmp (deleted)
7f925abf1000-7f925abf2000 ---p 00000000 00:00 0 
7f925abf2000-7f925acf2000 rw-p 00000000 00:00 0 
7f925acf2000-7f925acf5000 ---p 00000000 00:00 0 
7f925acf5000-7f925adf3000 rw-p 00000000 00:00 0 
7f925adf3000-7f925ae0a000 r-xp 00000000 08:06 20845864                   /usr/lib/jvm/java-8-openjdk-amd64/jre/lib/amd64/libnet.so
7f925ae0a000-7f925b009000 ---p 00017000 08:06 20845864                   /usr/lib/jvm/java-8-openjdk-amd64/jre/lib/amd64/libnet.so
7f925b009000-7f925b00a000 r--p 00016000 08:06 20845864                   /usr/lib/jvm/java-8-openjdk-amd64/jre/lib/amd64/libnet.so
7f925b00a000-7f925b00b000 rw-p 00017000 08:06 20845864                   /usr/lib/jvm/java-8-openjdk-amd64/jre/lib/amd64/libnet.so
7f925b00b000-7f925b00e000 ---p 00000000 00:00 0 
7f925b00e000-7f925b10c000 rw-p 00000000 00:00 0 
7f925b10c000-7f925b10f000 ---p 00000000 00:00 0 
7f925b10f000-7f925b20d000 rw-p 00000000 00:00 0 
7f925b20d000-7f925b210000 ---p 00000000 00:00 0 
7f925b210000-7f925b30e000 rw-p 00000000 00:00 0 
7f925b30e000-7f925b311000 ---p 00000000 00:00 0 
7f925b311000-7f925b40f000 rw-p 00000000 00:00 0 
7f925b40f000-7f925b412000 ---p 00000000 00:00 0 
7f925b412000-7f925b510000 rw-p 00000000 00:00 0 
7f925b510000-7f925c000000 r--p 00000000 08:06 20716335                   /usr/lib/locale/locale-archive
7f925c000000-7f925c021000 rw-p 00000000 00:00 0 
7f925c021000-7f9260000000 ---p 00000000 00:00 0 
7f9260000000-7f9260021000 rw-p 00000000 00:00 0 
7f9260021000-7f9264000000 ---p 00000000 00:00 0 
7f9264000000-7f9264021000 rw-p 00000000 00:00 0 
7f9264021000-7f9268000000 ---p 00000000 00:00 0 
7f9268000000-7f9268021000 rw-p 00000000 00:00 0 
7f9268021000-7f926c000000 ---p 00000000 00:00 0 
7f926c000000-7f926c021000 rw-p 00000000 00:00 0 
7f926c021000-7f9270000000 ---p 00000000 00:00 0 
7f9270000000-7f9270021000 rw-p 00000000 00:00 0 
7f9270021000-7f9274000000 ---p 00000000 00:00 0 
7f9274000000-7f9274021000 rw-p 00000000 00:00 0 
7f9274021000-7f9278000000 ---p 00000000 00:00 0 
7f9278013000-7f927801a000 r--s 00000000 08:06 20974225                   /usr/lib/x86_64-linux-gnu/gconv/gconv-modules.cache
7f927801a000-7f927801f000 r--s 002f9000 08:06 20845883                   /usr/lib/jvm/java-8-openjdk-amd64/jre/lib/charsets.jar
7f927801f000-7f9278024000 r--s 0009a000 08:06 20845885                   /usr/lib/jvm/java-8-openjdk-amd64/jre/lib/jsse.jar
7f9278024000-7f927803e000 r--s 0021e000 08:06 19533194                   /home/szergowiec/.gradle/caches/modules-2/files-2.1/net.java.dev.jna/jna-platform/4.5.0/ab163522ed76eb01c8c9a750dedacb134fc8c0/jna-platform-4.5.0.jar
7f927803e000-7f9278041000 ---p 00000000 00:00 0 
7f9278041000-7f927813f000 rw-p 00000000 00:00 0 
7f927813f000-7f9278142000 ---p 00000000 00:00 0 
7f9278142000-7f927c000000 rw-p 00000000 00:00 0 
7f927c000000-7f927c021000 rw-p 00000000 00:00 0 
7f927c021000-7f9280000000 ---p 00000000 00:00 0 
7f9280000000-7f9280021000 rw-p 00000000 00:00 0 
7f9280021000-7f9284000000 ---p 00000000 00:00 0 
7f9284000000-7f9284021000 rw-p 00000000 00:00 0 
7f9284021000-7f9288000000 ---p 00000000 00:00 0 
7f9288001000-7f9288003000 r--s 0001a000 08:06 8127004                    /home/szergowiec/idea-IU-172.4574.11/lib/idea_rt.jar
7f9288003000-7f9288007000 r--s 0015c000 08:06 19533195                   /home/szergowiec/.gradle/caches/modules-2/files-2.1/net.java.dev.jna/jna/4.5.0/55b548d3195efc5280bf1c3f17b49659c54dee40/jna-4.5.0.jar
7f9288007000-7f9288009000 r--s 00007000 08:06 19529853                   /home/szergowiec/.gradle/caches/modules-2/files-2.1/org.slf4j/slf4j-api/1.7.13/7fcf30c25b8f4a9379b9dad0d3f487b25272c026/slf4j-api-1.7.13.jar
7f9288009000-7f9288018000 r--s 00115000 08:06 19529788                   /home/szergowiec/.gradle/caches/modules-2/files-2.1/net.java.dev.jna/platform/3.5.2/beac07d13858ef3697ceeab43897d70aeb5113c9/platform-3.5.2.jar
7f9288018000-7f9288023000 r--s 0004a000 08:06 19529786                   /home/szergowiec/.gradle/caches/modules-2/files-2.1/uk.co.caprica/vlcj/3.1.0/ded91fc4d924c6744a1c557ce99c5e53bca2d040/vlcj-3.1.0.jar
7f9288023000-7f9288036000 r--s 00346000 08:06 20845884                   /usr/lib/jvm/java-8-openjdk-amd64/jre/lib/resources.jar
7f9288036000-7f928803b000 r--s 0009a000 08:06 20845885                   /usr/lib/jvm/java-8-openjdk-amd64/jre/lib/jsse.jar
7f928803b000-7f928803e000 r--s 00015000 08:06 20845822                   /usr/lib/jvm/java-8-openjdk-amd64/jre/lib/jce.jar
7f928803e000-7f92880d4000 r--s 008d7000 08:06 21384562                   /usr/share/java/openjfx/jre/lib/ext/jfxrt.jar
7f92880d4000-7f92880ef000 r--s 00394000 08:06 20845825                   /usr/lib/jvm/java-8-openjdk-amd64/jre/lib/ext/cldrdata.jar
7f92880ef000-7f92880f2000 ---p 00000000 00:00 0 
7f92880f2000-7f92881f0000 rw-p 00000000 00:00 0 
7f92881f0000-7f92881f1000 ---p 00000000 00:00 0 
7f92881f1000-7f9289e0c000 rw-p 00000000 00:00 0 
7f9289e0c000-7f9289fdb000 r--s 03c21000 08:06 20845820                   /usr/lib/jvm/java-8-openjdk-amd64/jre/lib/rt.jar
7f9289fdb000-7f928a811000 rw-p 00000000 00:00 0 
7f928a811000-7f928a851000 ---p 00000000 00:00 0 
7f928a851000-7f928ac2d000 rw-p 00000000 00:00 0 
7f928ac2d000-7f928ac2e000 ---p 00000000 00:00 0 
7f928ac2e000-7f928ad2e000 rw-p 00000000 00:00 0 
7f928ad2e000-7f928ad2f000 ---p 00000000 00:00 0 
7f928ad2f000-7f928ae2f000 rw-p 00000000 00:00 0 
7f928ae2f000-7f928ae30000 ---p 00000000 00:00 0 
7f928ae30000-7f928af30000 rw-p 00000000 00:00 0 
7f928af30000-7f928af31000 ---p 00000000 00:00 0 
7f928af31000-7f928b031000 rw-p 00000000 00:00 0 
7f928b031000-7f928b032000 ---p 00000000 00:00 0 
7f928b032000-7f928b132000 rw-p 00000000 00:00 0 
7f928b132000-7f928b133000 ---p 00000000 00:00 0 
7f928b133000-7f928b233000 rw-p 00000000 00:00 0 
7f928b233000-7f928b234000 ---p 00000000 00:00 0 
7f928b234000-7f928b35e000 rw-p 00000000 00:00 0 
7f928b35e000-7f928b5c7000 ---p 00000000 00:00 0 
7f928b5c7000-7f928b5f1000 rw-p 00000000 00:00 0 
7f928b5f1000-7f928b859000 ---p 00000000 00:00 0 
7f928b859000-7f928b86f000 rw-p 00000000 00:00 0 
7f928b86f000-7f928b9a3000 ---p 00000000 00:00 0 
7f928b9a3000-7f928b9ae000 rw-p 00000000 00:00 0 
7f928b9ae000-7f928bd64000 ---p 00000000 00:00 0 
7f928bd64000-7f928bfd4000 rwxp 00000000 00:00 0 
7f928bfd4000-7f929ad64000 ---p 00000000 00:00 0 
7f929ad64000-7f929ad6c000 r-xp 00000000 08:06 20845871                   /usr/lib/jvm/java-8-openjdk-amd64/jre/lib/amd64/libzip.so
7f929ad6c000-7f929af6b000 ---p 00008000 08:06 20845871                   /usr/lib/jvm/java-8-openjdk-amd64/jre/lib/amd64/libzip.so
7f929af6b000-7f929af6c000 r--p 00007000 08:06 20845871                   /usr/lib/jvm/java-8-openjdk-amd64/jre/lib/amd64/libzip.so
7f929af6c000-7f929af6d000 rw-p 00008000 08:06 20845871                   /usr/lib/jvm/java-8-openjdk-amd64/jre/lib/amd64/libzip.so
7f929af6d000-7f929af78000 r-xp 00000000 08:06 266782                     /lib/x86_64-linux-gnu/libnss_files-2.23.so
7f929af78000-7f929b177000 ---p 0000b000 08:06 266782                     /lib/x86_64-linux-gnu/libnss_files-2.23.so
7f929b177000-7f929b178000 r--p 0000a000 08:06 266782                     /lib/x86_64-linux-gnu/libnss_files-2.23.so
7f929b178000-7f929b179000 rw-p 0000b000 08:06 266782                     /lib/x86_64-linux-gnu/libnss_files-2.23.so
7f929b179000-7f929b17f000 rw-p 00000000 00:00 0 
7f929b17f000-7f929b18a000 r-xp 00000000 08:06 266792                     /lib/x86_64-linux-gnu/libnss_nis-2.23.so
7f929b18a000-7f929b389000 ---p 0000b000 08:06 266792                     /lib/x86_64-linux-gnu/libnss_nis-2.23.so
7f929b389000-7f929b38a000 r--p 0000a000 08:06 266792                     /lib/x86_64-linux-gnu/libnss_nis-2.23.so
7f929b38a000-7f929b38b000 rw-p 0000b000 08:06 266792                     /lib/x86_64-linux-gnu/libnss_nis-2.23.so
7f929b38b000-7f929b3a1000 r-xp 00000000 08:06 266776                     /lib/x86_64-linux-gnu/libnsl-2.23.so
7f929b3a1000-7f929b5a0000 ---p 00016000 08:06 266776                     /lib/x86_64-linux-gnu/libnsl-2.23.so
7f929b5a0000-7f929b5a1000 r--p 00015000 08:06 266776                     /lib/x86_64-linux-gnu/libnsl-2.23.so
7f929b5a1000-7f929b5a2000 rw-p 00016000 08:06 266776                     /lib/x86_64-linux-gnu/libnsl-2.23.so
7f929b5a2000-7f929b5a4000 rw-p 00000000 00:00 0 
7f929b5a4000-7f929b5ac000 r-xp 00000000 08:06 266778                     /lib/x86_64-linux-gnu/libnss_compat-2.23.so
7f929b5ac000-7f929b7ab000 ---p 00008000 08:06 266778                     /lib/x86_64-linux-gnu/libnss_compat-2.23.so
7f929b7ab000-7f929b7ac000 r--p 00007000 08:06 266778                     /lib/x86_64-linux-gnu/libnss_compat-2.23.so
7f929b7ac000-7f929b7ad000 rw-p 00008000 08:06 266778                     /lib/x86_64-linux-gnu/libnss_compat-2.23.so
7f929b7ad000-7f929b7b7000 r-xp 00000000 08:06 20845859                   /usr/lib/jvm/java-8-openjdk-amd64/jre/lib/amd64/libinstrument.so
7f929b7b7000-7f929b9b6000 ---p 0000a000 08:06 20845859                   /usr/lib/jvm/java-8-openjdk-amd64/jre/lib/amd64/libinstrument.so
7f929b9b6000-7f929b9b7000 r--p 00009000 08:06 20845859                   /usr/lib/jvm/java-8-openjdk-amd64/jre/lib/amd64/libinstrument.so
7f929b9b7000-7f929b9b8000 rw-p 0000a000 08:06 20845859                   /usr/lib/jvm/java-8-openjdk-amd64/jre/lib/amd64/libinstrument.so
7f929b9b8000-7f929b9e5000 r-xp 00000000 08:06 20845852                   /usr/lib/jvm/java-8-openjdk-amd64/jre/lib/amd64/libjava.so
7f929b9e5000-7f929bbe4000 ---p 0002d000 08:06 20845852                   /usr/lib/jvm/java-8-openjdk-amd64/jre/lib/amd64/libjava.so
7f929bbe4000-7f929bbe5000 r--p 0002c000 08:06 20845852                   /usr/lib/jvm/java-8-openjdk-amd64/jre/lib/amd64/libjava.so
7f929bbe5000-7f929bbe7000 rw-p 0002d000 08:06 20845852                   /usr/lib/jvm/java-8-openjdk-amd64/jre/lib/amd64/libjava.so
7f929bbe7000-7f929bbf6000 r-xp 00000000 08:06 20845869                   /usr/lib/jvm/java-8-openjdk-amd64/jre/lib/amd64/libverify.so
7f929bbf6000-7f929bdf5000 ---p 0000f000 08:06 20845869                   /usr/lib/jvm/java-8-openjdk-amd64/jre/lib/amd64/libverify.so
7f929bdf5000-7f929bdf7000 r--p 0000e000 08:06 20845869                   /usr/lib/jvm/java-8-openjdk-amd64/jre/lib/amd64/libverify.so
7f929bdf7000-7f929bdf8000 rw-p 00010000 08:06 20845869                   /usr/lib/jvm/java-8-openjdk-amd64/jre/lib/amd64/libverify.so
7f929bdf8000-7f929bdff000 r-xp 00000000 08:06 266837                     /lib/x86_64-linux-gnu/librt-2.23.so
7f929bdff000-7f929bffe000 ---p 00007000 08:06 266837                     /lib/x86_64-linux-gnu/librt-2.23.so
7f929bffe000-7f929bfff000 r--p 00006000 08:06 266837                     /lib/x86_64-linux-gnu/librt-2.23.so
7f929bfff000-7f929c000000 rw-p 00007000 08:06 266837                     /lib/x86_64-linux-gnu/librt-2.23.so
7f929c000000-7f929c585000 rw-p 00000000 00:00 0 
7f929c585000-7f92a0000000 ---p 00000000 00:00 0 
7f92a0000000-7f92a0001000 r--s 00002000 08:06 19529851                   /home/szergowiec/.gradle/caches/modules-2/files-2.1/org.slf4j/slf4j-simple/1.7.13/8f0d8b5bf0ff295162360a0a5ebb9c945bd2b685/slf4j-simple-1.7.13.jar
7f92a0001000-7f92a0002000 r--s 00000000 08:06 20845887                   /usr/lib/jvm/java-8-openjdk-amd64/jre/lib/management-agent.jar
7f92a0002000-7f92a0007000 r--s 002f9000 08:06 20845883                   /usr/lib/jvm/java-8-openjdk-amd64/jre/lib/charsets.jar
7f92a0007000-7f92a0022000 r--s 001d6000 08:06 20845827                   /usr/lib/jvm/java-8-openjdk-amd64/jre/lib/ext/nashorn.jar
7f92a0022000-7f92a0023000 ---p 00000000 00:00 0 
7f92a0023000-7f92a0123000 rw-p 00000000 00:00 0 
7f92a0123000-7f92a0139000 r-xp 00000000 08:06 266721                     /lib/x86_64-linux-gnu/libgcc_s.so.1
7f92a0139000-7f92a0338000 ---p 00016000 08:06 266721                     /lib/x86_64-linux-gnu/libgcc_s.so.1
7f92a0338000-7f92a0339000 rw-p 00015000 08:06 266721                     /lib/x86_64-linux-gnu/libgcc_s.so.1
7f92a0339000-7f92a0441000 r-xp 00000000 08:06 266753                     /lib/x86_64-linux-gnu/libm-2.23.so
7f92a0441000-7f92a0640000 ---p 00108000 08:06 266753                     /lib/x86_64-linux-gnu/libm-2.23.so
7f92a0640000-7f92a0641000 r--p 00107000 08:06 266753                     /lib/x86_64-linux-gnu/libm-2.23.so
7f92a0641000-7f92a0642000 rw-p 00108000 08:06 266753                     /lib/x86_64-linux-gnu/libm-2.23.so
7f92a0642000-7f92a07b4000 r-xp 00000000 08:06 20718405                   /usr/lib/x86_64-linux-gnu/libstdc++.so.6.0.21
7f92a07b4000-7f92a09b4000 ---p 00172000 08:06 20718405                   /usr/lib/x86_64-linux-gnu/libstdc++.so.6.0.21
7f92a09b4000-7f92a09be000 r--p 00172000 08:06 20718405                   /usr/lib/x86_64-linux-gnu/libstdc++.so.6.0.21
7f92a09be000-7f92a09c0000 rw-p 0017c000 08:06 20718405                   /usr/lib/x86_64-linux-gnu/libstdc++.so.6.0.21
7f92a09c0000-7f92a09c4000 rw-p 00000000 00:00 0 
7f92a09c4000-7f92a1616000 r-xp 00000000 08:06 20845863                   /usr/lib/jvm/java-8-openjdk-amd64/jre/lib/amd64/server/libjvm.so
7f92a1616000-7f92a1816000 ---p 00c52000 08:06 20845863                   /usr/lib/jvm/java-8-openjdk-amd64/jre/lib/amd64/server/libjvm.so
7f92a1816000-7f92a18a9000 r--p 00c52000 08:06 20845863                   /usr/lib/jvm/java-8-openjdk-amd64/jre/lib/amd64/server/libjvm.so
7f92a18a9000-7f92a18d2000 rw-p 00ce5000 08:06 20845863                   /usr/lib/jvm/java-8-openjdk-amd64/jre/lib/amd64/server/libjvm.so
7f92a18d2000-7f92a1902000 rw-p 00000000 00:00 0 
7f92a1902000-7f92a191a000 r-xp 00000000 08:06 266829                     /lib/x86_64-linux-gnu/libpthread-2.23.so
7f92a191a000-7f92a1b19000 ---p 00018000 08:06 266829                     /lib/x86_64-linux-gnu/libpthread-2.23.so
7f92a1b19000-7f92a1b1a000 r--p 00017000 08:06 266829                     /lib/x86_64-linux-gnu/libpthread-2.23.so
7f92a1b1a000-7f92a1b1b000 rw-p 00018000 08:06 266829                     /lib/x86_64-linux-gnu/libpthread-2.23.so
7f92a1b1b000-7f92a1b1f000 rw-p 00000000 00:00 0 
7f92a1b1f000-7f92a1b22000 r-xp 00000000 08:06 266707                     /lib/x86_64-linux-gnu/libdl-2.23.so
7f92a1b22000-7f92a1d21000 ---p 00003000 08:06 266707                     /lib/x86_64-linux-gnu/libdl-2.23.so
7f92a1d21000-7f92a1d22000 r--p 00002000 08:06 266707                     /lib/x86_64-linux-gnu/libdl-2.23.so
7f92a1d22000-7f92a1d23000 rw-p 00003000 08:06 266707                     /lib/x86_64-linux-gnu/libdl-2.23.so
7f92a1d23000-7f92a1d3c000 r-xp 00000000 08:06 266874                     /lib/x86_64-linux-gnu/libz.so.1.2.8
7f92a1d3c000-7f92a1f3b000 ---p 00019000 08:06 266874                     /lib/x86_64-linux-gnu/libz.so.1.2.8
7f92a1f3b000-7f92a1f3c000 r--p 00018000 08:06 266874                     /lib/x86_64-linux-gnu/libz.so.1.2.8
7f92a1f3c000-7f92a1f3d000 rw-p 00019000 08:06 266874                     /lib/x86_64-linux-gnu/libz.so.1.2.8
7f92a1f3d000-7f92a20fd000 r-xp 00000000 08:06 266683                     /lib/x86_64-linux-gnu/libc-2.23.so
7f92a20fd000-7f92a22fd000 ---p 001c0000 08:06 266683                     /lib/x86_64-linux-gnu/libc-2.23.so
7f92a22fd000-7f92a2301000 r--p 001c0000 08:06 266683                     /lib/x86_64-linux-gnu/libc-2.23.so
7f92a2301000-7f92a2303000 rw-p 001c4000 08:06 266683                     /lib/x86_64-linux-gnu/libc-2.23.so
7f92a2303000-7f92a2307000 rw-p 00000000 00:00 0 
7f92a2307000-7f92a2314000 r-xp 00000000 08:06 20845867                   /usr/lib/jvm/java-8-openjdk-amd64/jre/lib/amd64/jli/libjli.so
7f92a2314000-7f92a2514000 ---p 0000d000 08:06 20845867                   /usr/lib/jvm/java-8-openjdk-amd64/jre/lib/amd64/jli/libjli.so
7f92a2514000-7f92a2515000 r--p 0000d000 08:06 20845867                   /usr/lib/jvm/java-8-openjdk-amd64/jre/lib/amd64/jli/libjli.so
7f92a2515000-7f92a2516000 rw-p 0000e000 08:06 20845867                   /usr/lib/jvm/java-8-openjdk-amd64/jre/lib/amd64/jli/libjli.so
7f92a2516000-7f92a253c000 r-xp 00000000 08:06 266655                     /lib/x86_64-linux-gnu/ld-2.23.so
7f92a253c000-7f92a253e000 r--s 00001000 08:06 20845833                   /usr/lib/jvm/java-8-openjdk-amd64/jre/lib/ext/dnsns.jar
7f92a253e000-7f92a2548000 r--s 00116000 08:06 20845830                   /usr/lib/jvm/java-8-openjdk-amd64/jre/lib/ext/localedata.jar
7f92a2548000-7f92a2549000 r--s 00010000 08:06 20845826                   /usr/lib/jvm/java-8-openjdk-amd64/jre/lib/ext/zipfs.jar
7f92a2549000-7f92a2619000 rw-p 00000000 00:00 0 
7f92a2619000-7f92a261c000 ---p 00000000 00:00 0 
7f92a261c000-7f92a271f000 rw-p 00000000 00:00 0 
7f92a271f000-7f92a2722000 r--s 0000f000 08:06 20845824                   /usr/lib/jvm/java-8-openjdk-amd64/jre/lib/ext/icedtea-sound.jar
7f92a2722000-7f92a2723000 r--s 0000a000 08:06 20845832                   /usr/lib/jvm/java-8-openjdk-amd64/jre/lib/ext/jaccess.jar
7f92a2723000-7f92a2725000 r--s 00008000 08:06 20845829                   /usr/lib/jvm/java-8-openjdk-amd64/jre/lib/ext/sunec.jar
7f92a2725000-7f92a272b000 r--s 0003a000 08:06 20845828                   /usr/lib/jvm/java-8-openjdk-amd64/jre/lib/ext/sunjce_provider.jar
7f92a272b000-7f92a272f000 r--s 00037000 08:06 20845831                   /usr/lib/jvm/java-8-openjdk-amd64/jre/lib/ext/sunpkcs11.jar
7f92a272f000-7f92a2737000 rw-s 00000000 08:06 19530080                   /tmp/hsperfdata_szergowiec/11709
7f92a2737000-7f92a2738000 rw-p 00000000 00:00 0 
7f92a2738000-7f92a2739000 r--p 00000000 00:00 0 
7f92a2739000-7f92a273b000 rw-p 00000000 00:00 0 
7f92a273b000-7f92a273c000 r--p 00025000 08:06 266655                     /lib/x86_64-linux-gnu/ld-2.23.so
7f92a273c000-7f92a273d000 rw-p 00026000 08:06 266655                     /lib/x86_64-linux-gnu/ld-2.23.so
7f92a273d000-7f92a273e000 rw-p 00000000 00:00 0 
7fffa5c8f000-7fffa5cb1000 rw-p 00000000 00:00 0                          [stack]
7fffa5d87000-7fffa5d89000 r--p 00000000 00:00 0                          [vvar]
7fffa5d89000-7fffa5d8b000 r-xp 00000000 00:00 0                          [vdso]
ffffffffff600000-ffffffffff601000 r-xp 00000000 00:00 0                  [vsyscall]

VM Arguments:
jvm_args: -javaagent:/home/szergowiec/idea-IU-172.4574.11/lib/idea_rt.jar=43351:/home/szergowiec/idea-IU-172.4574.11/bin -Dfile.encoding=UTF-8 
java_command: Server
java_class_path (initial): /usr/lib/jvm/java-1.8.0-openjdk-amd64/jre/lib/charsets.jar:/usr/lib/jvm/java-1.8.0-openjdk-amd64/jre/lib/ext/cldrdata.jar:/usr/lib/jvm/java-1.8.0-openjdk-amd64/jre/lib/ext/dnsns.jar:/usr/lib/jvm/java-1.8.0-openjdk-amd64/jre/lib/ext/icedtea-sound.jar:/usr/lib/jvm/java-1.8.0-openjdk-amd64/jre/lib/ext/jaccess.jar:/usr/lib/jvm/java-1.8.0-openjdk-amd64/jre/lib/ext/localedata.jar:/usr/lib/jvm/java-1.8.0-openjdk-amd64/jre/lib/ext/nashorn.jar:/usr/lib/jvm/java-1.8.0-openjdk-amd64/jre/lib/ext/sunec.jar:/usr/lib/jvm/java-1.8.0-openjdk-amd64/jre/lib/ext/sunjce_provider.jar:/usr/lib/jvm/java-1.8.0-openjdk-amd64/jre/lib/ext/sunpkcs11.jar:/usr/lib/jvm/java-1.8.0-openjdk-amd64/jre/lib/ext/zipfs.jar:/usr/lib/jvm/java-1.8.0-openjdk-amd64/jre/lib/jce.jar:/usr/lib/jvm/java-1.8.0-openjdk-amd64/jre/lib/jsse.jar:/usr/lib/jvm/java-1.8.0-openjdk-amd64/jre/lib/management-agent.jar:/usr/lib/jvm/java-1.8.0-openjdk-amd64/jre/lib/resources.jar:/usr/lib/jvm/java-1.8.0-openjdk-amd64/jre/lib/rt.jar:/home/szergowiec/Pulpit/wzorce/out/production/classes:/home/szergowiec/.gradle/caches/modules-2/files-2.1/uk.co.caprica/vlcj/3.1.0/ded91fc4d924c6744a1c557ce99c5e53bca2d040/vlcj-3.1.0.jar:/home/szergowiec/.gradle/caches/modules-2/files-2.1/org.slf4j/slf4j-simple/1.7.13/8f0d8b5bf0ff295162360a0a5ebb9c945bd2b685/slf4j-simple-1.7.13.jar:/home/szergowiec/.gradle/caches/modules-2/files-2.1/net.java.dev.jna/jna-platform/4.5.0/ab163522ed76eb01c8c9a750dedacb134fc8c0/jna-platform-4.5.0.jar:/home/szergowiec/.gradle/caches/modules-2/files-2.1/net.java.dev.jna/platform/3.5.2/beac07d13858ef3697ceeab43897d70aeb5113c9/platform-3.5.2.jar:/home/szergowiec/.gradle/caches/modules-2/files-2.1/org.slf4j/slf4j-api/1.7.13/7fcf30c25b8f4a9379b9dad0d3f487b25272c026/slf4j-api-1.7.13.jar:/home/szergowiec/.gradle/caches/modules-2/files-2.1/net.java.dev.jna/jna/4.5.0/55b548d3195efc5280bf1c3f17b49659c54dee40/jna-4.5.0.jar:/home/szergowiec/idea-IU-172.4574.11/lib/idea_rt.jar
Launcher Type: SUN_STANDARD

Environment Variables:
PATH=/home/szergowiec/bin:/home/szergowiec/.local/bin:/usr/local/sbin:/usr/local/bin:/usr/sbin:/usr/bin:/sbin:/bin:/usr/games:/usr/local/games:/snap/bin
LD_LIBRARY_PATH=/home/szergowiec/idea-IU-172.4574.11/bin:
SHELL=/bin/bash
DISPLAY=:0

Signal Handlers:
SIGSEGV: [libjvm.so+0xa69040], sa_mask[0]=11111111011111111101111111111110, sa_flags=SA_RESTART|SA_SIGINFO
SIGBUS: [libjvm.so+0xa69040], sa_mask[0]=11111111011111111101111111111110, sa_flags=SA_RESTART|SA_SIGINFO
SIGFPE: [libjvm.so+0x8b2170], sa_mask[0]=11111111011111111101111111111110, sa_flags=SA_RESTART|SA_SIGINFO
SIGPIPE: [libjvm.so+0x8b2170], sa_mask[0]=11111111011111111101111111111110, sa_flags=SA_RESTART|SA_SIGINFO
SIGXFSZ: [libjvm.so+0x8b2170], sa_mask[0]=11111111011111111101111111111110, sa_flags=SA_RESTART|SA_SIGINFO
SIGILL: [libjvm.so+0x8b2170], sa_mask[0]=11111111011111111101111111111110, sa_flags=SA_RESTART|SA_SIGINFO
SIGUSR1: SIG_DFL, sa_mask[0]=00000000000000000000000000000000, sa_flags=none
SIGUSR2: [libjvm.so+0x8b2020], sa_mask[0]=00100000000000000000000000000000, sa_flags=SA_RESTART|SA_SIGINFO
SIGHUP: [libjvm.so+0x8b24f0], sa_mask[0]=11111111011111111101111111111110, sa_flags=SA_RESTART|SA_SIGINFO
SIGINT: [libjvm.so+0x8b24f0], sa_mask[0]=11111111011111111101111111111110, sa_flags=SA_RESTART|SA_SIGINFO
SIGTERM: [libjvm.so+0x8b24f0], sa_mask[0]=11111111011111111101111111111110, sa_flags=SA_RESTART|SA_SIGINFO
SIGQUIT: [libjvm.so+0x8b24f0], sa_mask[0]=11111111011111111101111111111110, sa_flags=SA_RESTART|SA_SIGINFO


---------------  S Y S T E M  ---------------

OS:DISTRIB_ID=Ubuntu
DISTRIB_RELEASE=16.04
DISTRIB_CODENAME=xenial
DISTRIB_DESCRIPTION="Ubuntu 16.04.3 LTS"

uname:Linux 4.10.0-40-generic #44~16.04.1-Ubuntu SMP Thu Nov 9 15:37:44 UTC 2017 x86_64
libc:glibc 2.23 NPTL 2.23 
rlimit: STACK 8192k, CORE 0k, NPROC 31432, NOFILE 1048576, AS infinity
load average:2,63 1,42 0,87

/proc/meminfo:
MemTotal:        8091304 kB
MemFree:          314784 kB
MemAvailable:    2200272 kB
Buffers:          288664 kB
Cached:          2531456 kB
SwapCached:            0 kB
Active:          5688268 kB
Inactive:        1668184 kB
Active(anon):    4535100 kB
Inactive(anon):   845768 kB
Active(file):    1153168 kB
Inactive(file):   822416 kB
Unevictable:          32 kB
Mlocked:              32 kB
SwapTotal:       8304636 kB
SwapFree:        8304636 kB
Dirty:               888 kB
Writeback:             0 kB
AnonPages:       4094780 kB
Mapped:           710600 kB
Shmem:            844540 kB
Slab:             266344 kB
SReclaimable:     214748 kB
SUnreclaim:        51596 kB
KernelStack:       16308 kB
PageTables:        55036 kB
NFS_Unstable:          0 kB
Bounce:                0 kB
WritebackTmp:          0 kB
CommitLimit:    12350288 kB
Committed_AS:   12356624 kB
VmallocTotal:   34359738367 kB
VmallocUsed:           0 kB
VmallocChunk:          0 kB
HardwareCorrupted:     0 kB
AnonHugePages:   1669120 kB
ShmemHugePages:        0 kB
ShmemPmdMapped:        0 kB
CmaTotal:              0 kB
CmaFree:               0 kB
HugePages_Total:       0
HugePages_Free:        0
HugePages_Rsvd:        0
HugePages_Surp:        0
Hugepagesize:       2048 kB
DirectMap4k:      131592 kB
DirectMap2M:     7127040 kB
DirectMap1G:     1048576 kB


CPU:total 8 (initial active 8) (4 cores per cpu, 2 threads per core) family 6 model 60 stepping 3, cmov, cx8, fxsr, mmx, sse, sse2, sse3, ssse3, sse4.1, sse4.2, popcnt, avx, avx2, aes, clmul, erms, lzcnt, ht, tsc, tscinvbit, bmi1, bmi2

/proc/cpuinfo:
processor	: 0
vendor_id	: GenuineIntel
cpu family	: 6
model		: 60
model name	: Intel(R) Core(TM) i7-4710HQ CPU @ 2.50GHz
stepping	: 3
microcode	: 0x1a
cpu MHz		: 3296.508
cache size	: 6144 KB
physical id	: 0
siblings	: 8
core id		: 0
cpu cores	: 4
apicid		: 0
initial apicid	: 0
fpu		: yes
fpu_exception	: yes
cpuid level	: 13
wp		: yes
flags		: fpu vme de pse tsc msr pae mce cx8 apic sep mtrr pge mca cmov pat pse36 clflush dts acpi mmx fxsr sse sse2 ss ht tm pbe syscall nx pdpe1gb rdtscp lm constant_tsc arch_perfmon pebs bts rep_good nopl xtopology nonstop_tsc aperfmperf pni pclmulqdq dtes64 monitor ds_cpl vmx est tm2 ssse3 sdbg fma cx16 xtpr pdcm pcid sse4_1 sse4_2 x2apic movbe popcnt tsc_deadline_timer aes xsave avx f16c rdrand lahf_lm abm epb tpr_shadow vnmi flexpriority ept vpid fsgsbase tsc_adjust bmi1 avx2 smep bmi2 erms invpcid xsaveopt dtherm ida arat pln pts
bugs		:
bogomips	: 4988.60
clflush size	: 64
cache_alignment	: 64
address sizes	: 39 bits physical, 48 bits virtual
power management:

processor	: 1
vendor_id	: GenuineIntel
cpu family	: 6
model		: 60
model name	: Intel(R) Core(TM) i7-4710HQ CPU @ 2.50GHz
stepping	: 3
microcode	: 0x1a
cpu MHz		: 3303.680
cache size	: 6144 KB
physical id	: 0
siblings	: 8
core id		: 1
cpu cores	: 4
apicid		: 2
initial apicid	: 2
fpu		: yes
fpu_exception	: yes
cpuid level	: 13
wp		: yes
flags		: fpu vme de pse tsc msr pae mce cx8 apic sep mtrr pge mca cmov pat pse36 clflush dts acpi mmx fxsr sse sse2 ss ht tm pbe syscall nx pdpe1gb rdtscp lm constant_tsc arch_perfmon pebs bts rep_good nopl xtopology nonstop_tsc aperfmperf pni pclmulqdq dtes64 monitor ds_cpl vmx est tm2 ssse3 sdbg fma cx16 xtpr pdcm pcid sse4_1 sse4_2 x2apic movbe popcnt tsc_deadline_timer aes xsave avx f16c rdrand lahf_lm abm epb tpr_shadow vnmi flexpriority ept vpid fsgsbase tsc_adjust bmi1 avx2 smep bmi2 erms invpcid xsaveopt dtherm ida arat pln pts
bugs		:
bogomips	: 4988.60
clflush size	: 64
cache_alignment	: 64
address sizes	: 39 bits physical, 48 bits virtual
power management:

processor	: 2
vendor_id	: GenuineIntel
cpu family	: 6
model		: 60
model name	: Intel(R) Core(TM) i7-4710HQ CPU @ 2.50GHz
stepping	: 3
microcode	: 0x1a
cpu MHz		: 3310.852
cache size	: 6144 KB
physical id	: 0
siblings	: 8
core id		: 2
cpu cores	: 4
apicid		: 4
initial apicid	: 4
fpu		: yes
fpu_exception	: yes
cpuid level	: 13
wp		: yes
flags		: fpu vme de pse tsc msr pae mce cx8 apic sep mtrr pge mca cmov pat pse36 clflush dts acpi mmx fxsr sse sse2 ss ht tm pbe syscall nx pdpe1gb rdtscp lm constant_tsc arch_perfmon pebs bts rep_good nopl xtopology nonstop_tsc aperfmperf pni pclmulqdq dtes64 monitor ds_cpl vmx est tm2 ssse3 sdbg fma cx16 xtpr pdcm pcid sse4_1 sse4_2 x2apic movbe popcnt tsc_deadline_timer aes xsave avx f16c rdrand lahf_lm abm epb tpr_shadow vnmi flexpriority ept vpid fsgsbase tsc_adjust bmi1 avx2 smep bmi2 erms invpcid xsaveopt dtherm ida arat pln pts
bugs		:
bogomips	: 4988.60
clflush size	: 64
cache_alignment	: 64
address sizes	: 39 bits physical, 48 bits virtual
power management:

processor	: 3
vendor_id	: GenuineIntel
cpu family	: 6
model		: 60
model name	: Intel(R) Core(TM) i7-4710HQ CPU @ 2.50GHz
stepping	: 3
microcode	: 0x1a
cpu MHz		: 3299.865
cache size	: 6144 KB
physical id	: 0
siblings	: 8
core id		: 3
cpu cores	: 4
apicid		: 6
initial apicid	: 6
fpu		: yes
fpu_exception	: yes
cpuid level	: 13
wp		: yes
flags		: fpu vme de pse tsc msr pae mce cx8 apic sep mtrr pge mca cmov pat pse36 clflush dts acpi mmx fxsr sse sse2 ss ht tm pbe syscall nx pdpe1gb rdtscp lm constant_tsc arch_perfmon pebs bts rep_good nopl xtopology nonstop_tsc aperfmperf pni pclmulqdq dtes64 monitor ds_cpl vmx est tm2 ssse3 sdbg fma cx16 xtpr pdcm pcid sse4_1 sse4_2 x2apic movbe popcnt tsc_deadline_timer aes xsave avx f16c rdrand lahf_lm abm epb tpr_shadow vnmi flexpriority ept vpid fsgsbase tsc_adjust bmi1 avx2 smep bmi2 erms invpcid xsaveopt dtherm ida arat pln pts
bugs		:
bogomips	: 4988.60
clflush size	: 64
cache_alignment	: 64
address sizes	: 39 bits physical, 48 bits virtual
power management:

processor	: 4
vendor_id	: GenuineIntel
cpu family	: 6
model		: 60
model name	: Intel(R) Core(TM) i7-4710HQ CPU @ 2.50GHz
stepping	: 3
microcode	: 0x1a
cpu MHz		: 3299.865
cache size	: 6144 KB
physical id	: 0
siblings	: 8
core id		: 0
cpu cores	: 4
apicid		: 1
initial apicid	: 1
fpu		: yes
fpu_exception	: yes
cpuid level	: 13
wp		: yes
flags		: fpu vme de pse tsc msr pae mce cx8 apic sep mtrr pge mca cmov pat pse36 clflush dts acpi mmx fxsr sse sse2 ss ht tm pbe syscall nx pdpe1gb rdtscp lm constant_tsc arch_perfmon pebs bts rep_good nopl xtopology nonstop_tsc aperfmperf pni pclmulqdq dtes64 monitor ds_cpl vmx est tm2 ssse3 sdbg fma cx16 xtpr pdcm pcid sse4_1 sse4_2 x2apic movbe popcnt tsc_deadline_timer aes xsave avx f16c rdrand lahf_lm abm epb tpr_shadow vnmi flexpriority ept vpid fsgsbase tsc_adjust bmi1 avx2 smep bmi2 erms invpcid xsaveopt dtherm ida arat pln pts
bugs		:
bogomips	: 4988.60
clflush size	: 64
cache_alignment	: 64
address sizes	: 39 bits physical, 48 bits virtual
power management:

processor	: 5
vendor_id	: GenuineIntel
cpu family	: 6
model		: 60
model name	: Intel(R) Core(TM) i7-4710HQ CPU @ 2.50GHz
stepping	: 3
microcode	: 0x1a
cpu MHz		: 3298.034
cache size	: 6144 KB
physical id	: 0
siblings	: 8
core id		: 1
cpu cores	: 4
apicid		: 3
initial apicid	: 3
fpu		: yes
fpu_exception	: yes
cpuid level	: 13
wp		: yes
flags		: fpu vme de pse tsc msr pae mce cx8 apic sep mtrr pge mca cmov pat pse36 clflush dts acpi mmx fxsr sse sse2 ss ht tm pbe syscall nx pdpe1gb rdtscp lm constant_tsc arch_perfmon pebs bts rep_good nopl xtopology nonstop_tsc aperfmperf pni pclmulqdq dtes64 monitor ds_cpl vmx est tm2 ssse3 sdbg fma cx16 xtpr pdcm pcid sse4_1 sse4_2 x2apic movbe popcnt tsc_deadline_timer aes xsave avx f16c rdrand lahf_lm abm epb tpr_shadow vnmi flexpriority ept vpid fsgsbase tsc_adjust bmi1 avx2 smep bmi2 erms invpcid xsaveopt dtherm ida arat pln pts
bugs		:
bogomips	: 4988.60
clflush size	: 64
cache_alignment	: 64
address sizes	: 39 bits physical, 48 bits virtual
power management:

processor	: 6
vendor_id	: GenuineIntel
cpu family	: 6
model		: 60
model name	: Intel(R) Core(TM) i7-4710HQ CPU @ 2.50GHz
stepping	: 3
microcode	: 0x1a
cpu MHz		: 3308.563
cache size	: 6144 KB
physical id	: 0
siblings	: 8
core id		: 2
cpu cores	: 4
apicid		: 5
initial apicid	: 5
fpu		: yes
fpu_exception	: yes
cpuid level	: 13
wp		: yes
flags		: fpu vme de pse tsc msr pae mce cx8 apic sep mtrr pge mca cmov pat pse36 clflush dts acpi mmx fxsr sse sse2 ss ht tm pbe syscall nx pdpe1gb rdtscp lm constant_tsc arch_perfmon pebs bts rep_good nopl xtopology nonstop_tsc aperfmperf pni pclmulqdq dtes64 monitor ds_cpl vmx est tm2 ssse3 sdbg fma cx16 xtpr pdcm pcid sse4_1 sse4_2 x2apic movbe popcnt tsc_deadline_timer aes xsave avx f16c rdrand lahf_lm abm epb tpr_shadow vnmi flexpriority ept vpid fsgsbase tsc_adjust bmi1 avx2 smep bmi2 erms invpcid xsaveopt dtherm ida arat pln pts
bugs		:
bogomips	: 4988.60
clflush size	: 64
cache_alignment	: 64
address sizes	: 39 bits physical, 48 bits virtual
power management:

processor	: 7
vendor_id	: GenuineIntel
cpu family	: 6
model		: 60
model name	: Intel(R) Core(TM) i7-4710HQ CPU @ 2.50GHz
stepping	: 3
microcode	: 0x1a
cpu MHz		: 3299.865
cache size	: 6144 KB
physical id	: 0
siblings	: 8
core id		: 3
cpu cores	: 4
apicid		: 7
initial apicid	: 7
fpu		: yes
fpu_exception	: yes
cpuid level	: 13
wp		: yes
flags		: fpu vme de pse tsc msr pae mce cx8 apic sep mtrr pge mca cmov pat pse36 clflush dts acpi mmx fxsr sse sse2 ss ht tm pbe syscall nx pdpe1gb rdtscp lm constant_tsc arch_perfmon pebs bts rep_good nopl xtopology nonstop_tsc aperfmperf pni pclmulqdq dtes64 monitor ds_cpl vmx est tm2 ssse3 sdbg fma cx16 xtpr pdcm pcid sse4_1 sse4_2 x2apic movbe popcnt tsc_deadline_timer aes xsave avx f16c rdrand lahf_lm abm epb tpr_shadow vnmi flexpriority ept vpid fsgsbase tsc_adjust bmi1 avx2 smep bmi2 erms invpcid xsaveopt dtherm ida arat pln pts
bugs		:
bogomips	: 4988.60
clflush size	: 64
cache_alignment	: 64
address sizes	: 39 bits physical, 48 bits virtual
power management:



Memory: 4k page, physical 8091304k(314560k free), swap 8304636k(8304636k free)

vm_info: OpenJDK 64-Bit Server VM (25.151-b12) for linux-amd64 JRE (1.8.0_151-8u151-b12-0ubuntu0.16.04.2-b12), built on Oct 27 2017 21:59:02 by "buildd" with gcc 5.4.0 20160609

time: Wed Nov 29 23:12:08 2017
elapsed time: 22 seconds (0d 0h 0m 22s)

