#
# A fatal error has been detected by the Java Runtime Environment:
#
#  SIGSEGV (0xb) at pc=0x00007fb6a4e8cd44, pid=11427, tid=0x00007fb64c8eb700
#
# JRE version: OpenJDK Runtime Environment (8.0_151-b12) (build 1.8.0_151-8u151-b12-0ubuntu0.16.04.2-b12)
# Java VM: OpenJDK 64-Bit Server VM (25.151-b12 mixed mode linux-amd64 compressed oops)
# Problematic frame:
# C  [libpthread.so.0+0x9d44]  pthread_mutex_lock+0x4
#
# Failed to write core dump. Core dumps have been disabled. To enable core dumping, try "ulimit -c unlimited" before starting Java again
#
# If you would like to submit a bug report, please visit:
#   http://bugreport.java.com/bugreport/crash.jsp
# The crash happened outside the Java Virtual Machine in native code.
# See problematic frame for where to report the bug.
#

---------------  T H R E A D  ---------------

Current thread (0x00007fb69c560000):  JavaThread "AWT-EventQueue-0" [_thread_in_native, id=11490, stack(0x00007fb64c7eb000,0x00007fb64c8ec000)]

siginfo: si_signo: 11 (SIGSEGV), si_code: 1 (SEGV_MAPERR), si_addr: 0x0000000000000010

Registers:
RAX=0x00007fb6a4e8cd40, RBX=0x00007fb69c551590, RCX=0x000000000000015b, RDX=0x00007fb64c8e8e30
RSP=0x00007fb64c8e8da0, RBP=0x00007fb64c8e8e10, RSI=0x00007fb64c8e8e20, RDI=0x0000000000000000
R8 =0x00007fb64c8e8e10, R9 =0x00007fb69c54d35d, R10=0x00007fb66d305447, R11=0x0000000000000065
R12=0x00007fb64c8e8e0c, R13=0x00007fb64c8e8f40, R14=0x00007fb61c028540, R15=0x00007fb69c50eb60
RIP=0x00007fb6a4e8cd44, EFLAGS=0x0000000000010206, CSGSFS=0x002b000000000033, ERR=0x0000000000000004
  TRAPNO=0x000000000000000e

Top of Stack: (sp=0x00007fb64c8e8da0)
0x00007fb64c8e8da0:   000000000000015c 00007fb66d29abfa
0x00007fb64c8e8db0:   00007fb64c8e8e20 00007fb64c8e8e30
0x00007fb64c8e8dc0:   00007fb6a0b27100 00007fb69c50eb60
0x00007fb64c8e8dd0:   00007fb61c028540 f436542a53c7bd00
0x00007fb64c8e8de0:   00007fb69c50eb60 00007fb61c028540
0x00007fb64c8e8df0:   00007fb61c028900 00007fb66d276f86
0x00007fb64c8e8e00:   00007fb61c028900 656d69546b63696c
0x00007fb64c8e8e10:   00007fb61c028900 00007fb61c028540
0x00007fb64c8e8e20:   0000015c0000015b 00007fb600000000
0x00007fb64c8e8e30:   0000015700000156 00007fb600000000
0x00007fb64c8e8e40:   00007fb64c8e8f48 f436542a53c7bd00
0x00007fb64c8e8e50:   00007fb69c5601e0 00007fb64c8e8eb0
0x00007fb64c8e8e60:   00007fb64c8e8f48 00007fb66d7cf485
0x00007fb64c8e8e70:   0000000000000000 00007fb61c028900
0x00007fb64c8e8e80:   00007fb64c8e8f58 00007fb6a0b27148
0x00007fb64c8e8e90:   0000000000000000 00007fb6a0b27148
0x00007fb64c8e8ea0:   00007fb64c8e8f58 00007fb69c560000
0x00007fb64c8e8eb0:   00007fb64c8e8f20 00007fb68d017774
0x00007fb64c8e8ec0:   00007fb64c8e8f20 00007fb68d0174f9
0x00007fb64c8e8ed0:   fffffffe00000000 00007fb68d0174c2
0x00007fb64c8e8ee0:   00007fb64c8e8ee0 00007fb6a0b27148
0x00007fb64c8e8ef0:   00007fb64c8e8f58 00007fb6a0b2a6e0
0x00007fb64c8e8f00:   0000000000000000 00007fb6a0b27148
0x00007fb64c8e8f10:   0000000000000000 00007fb64c8e8f40
0x00007fb64c8e8f20:   00007fb64c8e8fa0 00007fb68d007d80
0x00007fb64c8e8f30:   00000000d7876cf0 00007fb68d01127b
0x00007fb64c8e8f40:   00000000d7c63c88 00000000d6ea3960
0x00007fb64c8e8f50:   00007fb69c50eb60 00007fb68d007b10
0x00007fb64c8e8f60:   00007fb64c8e8f60 00007fb6a0adf73c
0x00007fb64c8e8f70:   00007fb64c8e8fb8 00007fb6a0af5c28
0x00007fb64c8e8f80:   0000000000000000 00007fb6a0adf7e0
0x00007fb64c8e8f90:   00007fb64c8e8f40 00007fb64c8e8fc0 

Instructions: (pc=0x00007fb6a4e8cd44)
0x00007fb6a4e8cd24:   f0 02 00 00 00 00 00 00 b8 82 00 00 00 e9 d8 f9
0x00007fb6a4e8cd34:   ff ff 66 2e 0f 1f 84 00 00 00 00 00 48 83 ec 08
0x00007fb6a4e8cd44:   8b 57 10 89 d1 81 e1 7f 01 00 00 90 89 d0 83 e0
0x00007fb6a4e8cd54:   7c 0f 85 95 00 00 00 85 c9 49 89 f8 0f 85 9a 00 

Register to memory mapping:

RAX=0x00007fb6a4e8cd40: pthread_mutex_lock+0 in /lib/x86_64-linux-gnu/libpthread.so.0 at 0x00007fb6a4e83000
RBX=0x00007fb69c551590 is an unknown value
RCX=0x000000000000015b is an unknown value
RDX=0x00007fb64c8e8e30 is pointing into the stack for thread: 0x00007fb69c560000
RSP=0x00007fb64c8e8da0 is pointing into the stack for thread: 0x00007fb69c560000
RBP=0x00007fb64c8e8e10 is pointing into the stack for thread: 0x00007fb69c560000
RSI=0x00007fb64c8e8e20 is pointing into the stack for thread: 0x00007fb69c560000
RDI=0x0000000000000000 is an unknown value
R8 =0x00007fb64c8e8e10 is pointing into the stack for thread: 0x00007fb69c560000
R9 =0x00007fb69c54d35d is an unknown value
R10=0x00007fb66d305447: <offset 0xb0447> in /usr/lib/x86_64-linux-gnu/libX11.so.6 at 0x00007fb66d255000
R11=0x0000000000000065 is an unknown value
R12=0x00007fb64c8e8e0c is pointing into the stack for thread: 0x00007fb69c560000
R13=0x00007fb64c8e8f40 is pointing into the stack for thread: 0x00007fb69c560000
R14=0x00007fb61c028540 is an unknown value
R15=0x00007fb69c50eb60 is an unknown value


Stack: [0x00007fb64c7eb000,0x00007fb64c8ec000],  sp=0x00007fb64c8e8da0,  free space=1015k
Native frames: (J=compiled Java code, j=interpreted, Vv=VM code, C=native code)
C  [libpthread.so.0+0x9d44]  pthread_mutex_lock+0x4
C  0x00007fb61c028540

Java frames: (J=compiled Java code, j=interpreted, Vv=VM code)
j  sun.awt.X11.XlibWrapper.XGetDefault(JLjava/lang/String;Ljava/lang/String;)Ljava/lang/String;+0
j  sun.awt.X11.XToolkit.initializeMultiClickTime()V+12
j  sun.awt.X11.XToolkit.getMultiClickTime()I+6
j  sun.awt.X11.XToolkit.initializeDesktopProperties()V+82
j  java.awt.Toolkit.getDesktopProperty(Ljava/lang/String;)Ljava/lang/Object;+32
j  sun.swing.SwingUtilities2$AATextInfo.getAATextInfo(Z)Lsun/swing/SwingUtilities2$AATextInfo;+11
j  javax.swing.plaf.metal.MetalLookAndFeel.initComponentDefaults(Ljavax/swing/UIDefaults;)V+12062
j  javax.swing.plaf.basic.BasicLookAndFeel.getDefaults()Ljavax/swing/UIDefaults;+25
j  javax.swing.plaf.metal.MetalLookAndFeel.getDefaults()Ljavax/swing/UIDefaults;+9
j  javax.swing.UIManager.setLookAndFeel(Ljavax/swing/LookAndFeel;)V+79
j  javax.swing.UIManager.setLookAndFeel(Ljava/lang/String;)V+16
j  javax.swing.UIManager.initializeDefaultLAF(Ljava/util/Properties;)V+55
j  javax.swing.UIManager.initialize()V+9
j  javax.swing.UIManager.maybeInitialize()V+22
j  javax.swing.UIManager.getUI(Ljavax/swing/JComponent;)Ljavax/swing/plaf/ComponentUI;+0
j  javax.swing.JPanel.updateUI()V+2
j  javax.swing.JPanel.<init>(Ljava/awt/LayoutManager;Z)V+24
j  javax.swing.JPanel.<init>(Z)V+9
j  javax.swing.JPanel.<init>()V+2
j  javax.swing.JRootPane.createGlassPane()Ljava/awt/Component;+4
j  javax.swing.JRootPane.<init>()V+11
j  javax.swing.JFrame.createRootPane()Ljavax/swing/JRootPane;+4
j  javax.swing.JFrame.frameInit()V+16
j  javax.swing.JFrame.<init>(Ljava/lang/String;)V+21
j  PlayerView.<init>(Ljava/lang/String;)V+14
j  Server$1.run()V+8
j  java.awt.event.InvocationEvent.dispatch()V+47
j  java.awt.EventQueue.dispatchEventImpl(Ljava/awt/AWTEvent;Ljava/lang/Object;)V+21
j  java.awt.EventQueue.access$500(Ljava/awt/EventQueue;Ljava/awt/AWTEvent;Ljava/lang/Object;)V+3
j  java.awt.EventQueue$3.run()Ljava/lang/Void;+32
j  java.awt.EventQueue$3.run()Ljava/lang/Object;+1
v  ~StubRoutines::call_stub
j  java.security.AccessController.doPrivileged(Ljava/security/PrivilegedAction;Ljava/security/AccessControlContext;)Ljava/lang/Object;+0
j  java.security.ProtectionDomain$JavaSecurityAccessImpl.doIntersectionPrivilege(Ljava/security/PrivilegedAction;Ljava/security/AccessControlContext;Ljava/security/AccessControlContext;)Ljava/lang/Object;+18
j  java.awt.EventQueue.dispatchEvent(Ljava/awt/AWTEvent;)V+46
j  java.awt.EventDispatchThread.pumpOneEventForFilters(I)V+245
j  java.awt.EventDispatchThread.pumpEventsForFilter(ILjava/awt/Conditional;Ljava/awt/EventFilter;)V+35
j  java.awt.EventDispatchThread.pumpEventsForHierarchy(ILjava/awt/Conditional;Ljava/awt/Component;)V+11
j  java.awt.EventDispatchThread.pumpEvents(ILjava/awt/Conditional;)V+4
j  java.awt.EventDispatchThread.pumpEvents(Ljava/awt/Conditional;)V+3
j  java.awt.EventDispatchThread.run()V+9
v  ~StubRoutines::call_stub

---------------  P R O C E S S  ---------------

Java Threads: ( => current thread )
=>0x00007fb69c560000 JavaThread "AWT-EventQueue-0" [_thread_in_native, id=11490, stack(0x00007fb64c7eb000,0x00007fb64c8ec000)]
  0x00007fb69c55e000 JavaThread "AWT-Shutdown" [_thread_blocked, id=11489, stack(0x00007fb64c8ec000,0x00007fb64c9ed000)]
  0x00007fb69c55a000 JavaThread "AWT-XAWT" daemon [_thread_blocked, id=11488, stack(0x00007fb64c9ed000,0x00007fb64caee000)]
  0x00007fb69c539800 JavaThread "Java2D Disposer" daemon [_thread_blocked, id=11487, stack(0x00007fb64cefe000,0x00007fb64cfff000)]
  0x00007fb69c47a000 JavaThread "process reaper" daemon [_thread_blocked, id=11486, stack(0x00007fb68c022000,0x00007fb68c05b000)]
  0x00007fb69c331000 JavaThread "Service Thread" daemon [_thread_blocked, id=11467, stack(0x00007fb66dfe5000,0x00007fb66e0e6000)]
  0x00007fb69c32e000 JavaThread "C1 CompilerThread3" daemon [_thread_blocked, id=11466, stack(0x00007fb66e0e6000,0x00007fb66e1e7000)]
  0x00007fb69c32c800 JavaThread "C2 CompilerThread2" daemon [_thread_blocked, id=11465, stack(0x00007fb66e1e7000,0x00007fb66e2e8000)]
  0x00007fb69c329800 JavaThread "C2 CompilerThread1" daemon [_thread_blocked, id=11463, stack(0x00007fb66e500000,0x00007fb66e601000)]
  0x00007fb69c328000 JavaThread "C2 CompilerThread0" daemon [_thread_blocked, id=11462, stack(0x00007fb66e601000,0x00007fb66e702000)]
  0x00007fb69c326800 JavaThread "Monitor Ctrl-Break" daemon [_thread_in_native, id=11461, stack(0x00007fb66e702000,0x00007fb66e803000)]
  0x00007fb69c1fc000 JavaThread "Signal Dispatcher" daemon [_thread_blocked, id=11456, stack(0x00007fb66e803000,0x00007fb66e904000)]
  0x00007fb69c1d4800 JavaThread "Finalizer" daemon [_thread_blocked, id=11452, stack(0x00007fb66f3f4000,0x00007fb66f4f5000)]
  0x00007fb69c1d0000 JavaThread "Reference Handler" daemon [_thread_blocked, id=11450, stack(0x00007fb66f4f5000,0x00007fb66f5f6000)]
  0x00007fb69c00b800 JavaThread "main" [_thread_in_native, id=11429, stack(0x00007fb6a5b9a000,0x00007fb6a5c9b000)]

Other Threads:
  0x00007fb69c1c8800 VMThread [stack: 0x00007fb66f5f6000,0x00007fb66f6f7000] [id=11448]
  0x00007fb69c333800 WatcherThread [stack: 0x00007fb66dee4000,0x00007fb66dfe5000] [id=11468]

VM state:not at safepoint (normal execution)

VM Mutex/Monitor currently owned by a thread: None

Heap:
 PSYoungGen      total 36864K, used 15386K [0x00000000d6d80000, 0x00000000d9680000, 0x0000000100000000)
  eden space 31744K, 48% used [0x00000000d6d80000,0x00000000d7c869d0,0x00000000d8c80000)
  from space 5120K, 0% used [0x00000000d9180000,0x00000000d9180000,0x00000000d9680000)
  to   space 5120K, 0% used [0x00000000d8c80000,0x00000000d8c80000,0x00000000d9180000)
 ParOldGen       total 84992K, used 0K [0x0000000084800000, 0x0000000089b00000, 0x00000000d6d80000)
  object space 84992K, 0% used [0x0000000084800000,0x0000000084800000,0x0000000089b00000)
 Metaspace       used 8626K, capacity 8806K, committed 9088K, reserved 1056768K
  class space    used 939K, capacity 1037K, committed 1152K, reserved 1048576K

Card table byte_map: [0x00007fb6a1c6b000,0x00007fb6a2048000] byte_map_base: 0x00007fb6a1847000

Marking Bits: (ParMarkBitMap*) 0x00007fb6a4e662c0
 Begin Bits: [0x00007fb664240000, 0x00007fb666120000)
 End Bits:   [0x00007fb666120000, 0x00007fb668000000)

Polling page: 0x00007fb6a5cb9000

CodeCache: size=245760Kb used=2147Kb max_used=2159Kb free=243612Kb
 bounds [0x00007fb68d000000, 0x00007fb68d270000, 0x00007fb69c000000]
 total_blobs=910 nmethods=463 adapters=362
 compilation: enabled

Compilation events (10 events):
Event: 18,568 Thread 0x00007fb69c32e000 nmethod 458 0x00007fb68d215c50 code [0x00007fb68d215da0, 0x00007fb68d215eb0]
Event: 18,575 Thread 0x00007fb69c32e000  459       3       java.util.Hashtable::addEntry (87 bytes)
Event: 18,575 Thread 0x00007fb69c32e000 nmethod 459 0x00007fb68d216110 code [0x00007fb68d2162c0, 0x00007fb68d216918]
Event: 18,575 Thread 0x00007fb69c32e000  460       3       java.lang.invoke.MethodType::toMethodDescriptorString (21 bytes)
Event: 18,576 Thread 0x00007fb69c32e000 nmethod 460 0x00007fb68d216c50 code [0x00007fb68d216e60, 0x00007fb68d217958]
Event: 18,576 Thread 0x00007fb69c32c800  461       4       java.lang.String::equals (81 bytes)
Event: 18,576 Thread 0x00007fb69c32e000  462       3       java.lang.invoke.MethodType$ConcurrentWeakInternSet$WeakEntry::equals (49 bytes)
Event: 18,576 Thread 0x00007fb69c32e000 nmethod 462 0x00007fb68d218090 code [0x00007fb68d218220, 0x00007fb68d218888]
Event: 18,576 Thread 0x00007fb69c32e000  463       3       jdk.internal.org.objectweb.asm.Item::<init> (5 bytes)
Event: 18,577 Thread 0x00007fb69c32e000 nmethod 463 0x00007fb68d218990 code [0x00007fb68d218b00, 0x00007fb68d218cb0]

GC Heap History (0 events):
No events

Deoptimization events (2 events):
Event: 18,448 Thread 0x00007fb69c00b800 Uncommon trap: reason=unstable_if action=reinterpret pc=0x00007fb68d1b0af0 method=java.lang.String.replace(CC)Ljava/lang/String; @ 26
Event: 18,573 Thread 0x00007fb69c560000 Uncommon trap: reason=null_check action=make_not_entrant pc=0x00007fb68d10f87c method=java.lang.String.equals(Ljava/lang/Object;)Z @ 8

Internal exceptions (10 events):
Event: 18,352 Thread 0x00007fb69c00b800 Exception <a 'java/security/PrivilegedActionException'> (0x00000000d70e4be8) thrown at [/build/openjdk-8-W2Qe27/openjdk-8-8u151-b12/src/hotspot/src/share/vm/prims/jvm.cpp, line 1390]
Event: 18,352 Thread 0x00007fb69c00b800 Exception <a 'java/security/PrivilegedActionException'> (0x00000000d70e4df8) thrown at [/build/openjdk-8-W2Qe27/openjdk-8-8u151-b12/src/hotspot/src/share/vm/prims/jvm.cpp, line 1390]
Event: 18,353 Thread 0x00007fb69c00b800 Exception <a 'java/security/PrivilegedActionException'> (0x00000000d70e58d0) thrown at [/build/openjdk-8-W2Qe27/openjdk-8-8u151-b12/src/hotspot/src/share/vm/prims/jvm.cpp, line 1390]
Event: 18,353 Thread 0x00007fb69c00b800 Exception <a 'java/security/PrivilegedActionException'> (0x00000000d70e5ae0) thrown at [/build/openjdk-8-W2Qe27/openjdk-8-8u151-b12/src/hotspot/src/share/vm/prims/jvm.cpp, line 1390]
Event: 18,404 Thread 0x00007fb69c00b800 Exception <a 'java/lang/NoSuchFieldError': method resolution failed> (0x00000000d738b038) thrown at [/build/openjdk-8-W2Qe27/openjdk-8-8u151-b12/src/hotspot/src/share/vm/prims/methodHandles.cpp, line 1146]
Event: 18,405 Thread 0x00007fb69c00b800 Exception <a 'java/lang/NoSuchFieldError': method resolution failed> (0x00000000d7398c58) thrown at [/build/openjdk-8-W2Qe27/openjdk-8-8u151-b12/src/hotspot/src/share/vm/prims/methodHandles.cpp, line 1146]
Event: 18,485 Thread 0x00007fb69c00b800 Exception <a 'java/io/FileNotFoundException'> (0x00000000d783c228) thrown at [/build/openjdk-8-W2Qe27/openjdk-8-8u151-b12/src/hotspot/src/share/vm/prims/jni.cpp, line 709]
Event: 18,485 Thread 0x00007fb69c00b800 Exception <a 'java/io/FileNotFoundException'> (0x00000000d783cd10) thrown at [/build/openjdk-8-W2Qe27/openjdk-8-8u151-b12/src/hotspot/src/share/vm/prims/jni.cpp, line 709]
Event: 18,494 Thread 0x00007fb69c00b800 Exception <a 'java/lang/ClassNotFoundException': sun/dc/DuctusRenderingEngine> (0x00000000d78a35a8) thrown at [/build/openjdk-8-W2Qe27/openjdk-8-8u151-b12/src/hotspot/src/share/vm/classfile/systemDictionary.cpp, line 210]
Event: 18,573 Thread 0x00007fb69c560000 Implicit null exception at 0x00007fb68d10f695 to 0x00007fb68d10f86d

Events (10 events):
Event: 18,574 loading class javax/swing/plaf/DimensionUIResource
Event: 18,574 loading class javax/swing/plaf/DimensionUIResource done
Event: 18,574 loading class javax/swing/UIDefaults$LazyInputMap
Event: 18,574 loading class javax/swing/UIDefaults$LazyInputMap done
Event: 18,575 loading class javax/swing/plaf/metal/MetalLookAndFeel$FontActiveValue
Event: 18,575 loading class javax/swing/plaf/metal/MetalLookAndFeel$FontActiveValue done
Event: 18,577 loading class sun/swing/SwingUtilities2$AATextInfo
Event: 18,577 loading class sun/swing/SwingUtilities2$AATextInfo done
Event: 18,577 loading class sun/awt/HeadlessToolkit
Event: 18,577 loading class sun/awt/HeadlessToolkit done


Dynamic libraries:
00400000-00401000 r-xp 00000000 08:06 20845903                           /usr/lib/jvm/java-8-openjdk-amd64/jre/bin/java
00600000-00601000 r--p 00000000 08:06 20845903                           /usr/lib/jvm/java-8-openjdk-amd64/jre/bin/java
00601000-00602000 rw-p 00001000 08:06 20845903                           /usr/lib/jvm/java-8-openjdk-amd64/jre/bin/java
00feb000-0100c000 rw-p 00000000 00:00 0                                  [heap]
84800000-89b00000 rw-p 00000000 00:00 0 
89b00000-d6d80000 ---p 00000000 00:00 0 
d6d80000-d9680000 rw-p 00000000 00:00 0 
d9680000-100000000 ---p 00000000 00:00 0 
100000000-100120000 rw-p 00000000 00:00 0 
100120000-140000000 ---p 00000000 00:00 0 
7fb61c000000-7fb61c042000 rw-p 00000000 00:00 0 
7fb61c042000-7fb620000000 ---p 00000000 00:00 0 
7fb624000000-7fb624021000 rw-p 00000000 00:00 0 
7fb624021000-7fb628000000 ---p 00000000 00:00 0 
7fb628000000-7fb628021000 rw-p 00000000 00:00 0 
7fb628021000-7fb62c000000 ---p 00000000 00:00 0 
7fb62c000000-7fb62c021000 rw-p 00000000 00:00 0 
7fb62c021000-7fb630000000 ---p 00000000 00:00 0 
7fb630000000-7fb630021000 rw-p 00000000 00:00 0 
7fb630021000-7fb634000000 ---p 00000000 00:00 0 
7fb634000000-7fb634021000 rw-p 00000000 00:00 0 
7fb634021000-7fb638000000 ---p 00000000 00:00 0 
7fb638000000-7fb638021000 rw-p 00000000 00:00 0 
7fb638021000-7fb63c000000 ---p 00000000 00:00 0 
7fb63c000000-7fb63c0f2000 rw-p 00000000 00:00 0 
7fb63c0f2000-7fb640000000 ---p 00000000 00:00 0 
7fb640000000-7fb6401ac000 rw-p 00000000 00:00 0 
7fb6401ac000-7fb644000000 ---p 00000000 00:00 0 
7fb644000000-7fb6440e1000 rw-p 00000000 00:00 0 
7fb6440e1000-7fb648000000 ---p 00000000 00:00 0 
7fb648000000-7fb6480cb000 rw-p 00000000 00:00 0 
7fb6480cb000-7fb64c000000 ---p 00000000 00:00 0 
7fb64c7eb000-7fb64c7ee000 ---p 00000000 00:00 0 
7fb64c7ee000-7fb64c8ec000 rw-p 00000000 00:00 0 
7fb64c8ec000-7fb64c8ef000 ---p 00000000 00:00 0 
7fb64c8ef000-7fb64c9ed000 rw-p 00000000 00:00 0 
7fb64c9ed000-7fb64c9f0000 ---p 00000000 00:00 0 
7fb64c9f0000-7fb64caee000 rw-p 00000000 00:00 0 
7fb64caee000-7fb64caf3000 r-xp 00000000 08:06 20717251                   /usr/lib/x86_64-linux-gnu/libXfixes.so.3.1.0
7fb64caf3000-7fb64ccf2000 ---p 00005000 08:06 20717251                   /usr/lib/x86_64-linux-gnu/libXfixes.so.3.1.0
7fb64ccf2000-7fb64ccf3000 r--p 00004000 08:06 20717251                   /usr/lib/x86_64-linux-gnu/libXfixes.so.3.1.0
7fb64ccf3000-7fb64ccf4000 rw-p 00005000 08:06 20717251                   /usr/lib/x86_64-linux-gnu/libXfixes.so.3.1.0
7fb64ccf4000-7fb64ccfd000 r-xp 00000000 08:06 20717243                   /usr/lib/x86_64-linux-gnu/libXcursor.so.1.0.2
7fb64ccfd000-7fb64cefc000 ---p 00009000 08:06 20717243                   /usr/lib/x86_64-linux-gnu/libXcursor.so.1.0.2
7fb64cefc000-7fb64cefd000 r--p 00008000 08:06 20717243                   /usr/lib/x86_64-linux-gnu/libXcursor.so.1.0.2
7fb64cefd000-7fb64cefe000 rw-p 00009000 08:06 20717243                   /usr/lib/x86_64-linux-gnu/libXcursor.so.1.0.2
7fb64cefe000-7fb64cf01000 ---p 00000000 00:00 0 
7fb64cf01000-7fb650000000 rw-p 00000000 00:00 0 
7fb650000000-7fb650021000 rw-p 00000000 00:00 0 
7fb650021000-7fb654000000 ---p 00000000 00:00 0 
7fb654000000-7fb654021000 rw-p 00000000 00:00 0 
7fb654021000-7fb658000000 ---p 00000000 00:00 0 
7fb658000000-7fb658021000 rw-p 00000000 00:00 0 
7fb658021000-7fb65c000000 ---p 00000000 00:00 0 
7fb65c000000-7fb65c021000 rw-p 00000000 00:00 0 
7fb65c021000-7fb660000000 ---p 00000000 00:00 0 
7fb660000000-7fb660021000 rw-p 00000000 00:00 0 
7fb660021000-7fb664000000 ---p 00000000 00:00 0 
7fb66401b000-7fb66403f000 r-xp 00000000 08:06 266824                     /lib/x86_64-linux-gnu/libpng12.so.0.54.0
7fb66403f000-7fb66423e000 ---p 00024000 08:06 266824                     /lib/x86_64-linux-gnu/libpng12.so.0.54.0
7fb66423e000-7fb66423f000 r--p 00023000 08:06 266824                     /lib/x86_64-linux-gnu/libpng12.so.0.54.0
7fb66423f000-7fb664240000 rw-p 00024000 08:06 266824                     /lib/x86_64-linux-gnu/libpng12.so.0.54.0
7fb664240000-7fb668000000 rw-p 00000000 00:00 0 
7fb668000000-7fb668021000 rw-p 00000000 00:00 0 
7fb668021000-7fb66c000000 ---p 00000000 00:00 0 
7fb66c0e5000-7fb66c189000 r-xp 00000000 08:06 20717674                   /usr/lib/x86_64-linux-gnu/libfreetype.so.6.12.1
7fb66c189000-7fb66c388000 ---p 000a4000 08:06 20717674                   /usr/lib/x86_64-linux-gnu/libfreetype.so.6.12.1
7fb66c388000-7fb66c38e000 r--p 000a3000 08:06 20717674                   /usr/lib/x86_64-linux-gnu/libfreetype.so.6.12.1
7fb66c38e000-7fb66c38f000 rw-p 000a9000 08:06 20717674                   /usr/lib/x86_64-linux-gnu/libfreetype.so.6.12.1
7fb66c38f000-7fb66c3e1000 r-xp 00000000 08:06 20845853                   /usr/lib/jvm/java-8-openjdk-amd64/jre/lib/amd64/libfontmanager.so
7fb66c3e1000-7fb66c5e1000 ---p 00052000 08:06 20845853                   /usr/lib/jvm/java-8-openjdk-amd64/jre/lib/amd64/libfontmanager.so
7fb66c5e1000-7fb66c5e3000 r--p 00052000 08:06 20845853                   /usr/lib/jvm/java-8-openjdk-amd64/jre/lib/amd64/libfontmanager.so
7fb66c5e3000-7fb66c5e4000 rw-p 00054000 08:06 20845853                   /usr/lib/jvm/java-8-openjdk-amd64/jre/lib/amd64/libfontmanager.so
7fb66c5e4000-7fb66c609000 r--p 00000000 08:06 22549145                   /usr/share/locale-langpack/pl/LC_MESSAGES/libc.mo
7fb66c609000-7fb66c60e000 r-xp 00000000 08:06 20717247                   /usr/lib/x86_64-linux-gnu/libXdmcp.so.6.0.0
7fb66c60e000-7fb66c80d000 ---p 00005000 08:06 20717247                   /usr/lib/x86_64-linux-gnu/libXdmcp.so.6.0.0
7fb66c80d000-7fb66c80e000 r--p 00004000 08:06 20717247                   /usr/lib/x86_64-linux-gnu/libXdmcp.so.6.0.0
7fb66c80e000-7fb66c80f000 rw-p 00005000 08:06 20717247                   /usr/lib/x86_64-linux-gnu/libXdmcp.so.6.0.0
7fb66c80f000-7fb66c811000 r-xp 00000000 08:06 20717236                   /usr/lib/x86_64-linux-gnu/libXau.so.6.0.0
7fb66c811000-7fb66ca11000 ---p 00002000 08:06 20717236                   /usr/lib/x86_64-linux-gnu/libXau.so.6.0.0
7fb66ca11000-7fb66ca12000 r--p 00002000 08:06 20717236                   /usr/lib/x86_64-linux-gnu/libXau.so.6.0.0
7fb66ca12000-7fb66ca13000 rw-p 00003000 08:06 20717236                   /usr/lib/x86_64-linux-gnu/libXau.so.6.0.0
7fb66ca13000-7fb66ca34000 r-xp 00000000 08:06 20718654                   /usr/lib/x86_64-linux-gnu/libxcb.so.1.1.0
7fb66ca34000-7fb66cc33000 ---p 00021000 08:06 20718654                   /usr/lib/x86_64-linux-gnu/libxcb.so.1.1.0
7fb66cc33000-7fb66cc34000 r--p 00020000 08:06 20718654                   /usr/lib/x86_64-linux-gnu/libxcb.so.1.1.0
7fb66cc34000-7fb66cc35000 rw-p 00021000 08:06 20718654                   /usr/lib/x86_64-linux-gnu/libxcb.so.1.1.0
7fb66cc35000-7fb66cc44000 r-xp 00000000 08:06 20717259                   /usr/lib/x86_64-linux-gnu/libXi.so.6.1.0
7fb66cc44000-7fb66ce43000 ---p 0000f000 08:06 20717259                   /usr/lib/x86_64-linux-gnu/libXi.so.6.1.0
7fb66ce43000-7fb66ce44000 r--p 0000e000 08:06 20717259                   /usr/lib/x86_64-linux-gnu/libXi.so.6.1.0
7fb66ce44000-7fb66ce45000 rw-p 0000f000 08:06 20717259                   /usr/lib/x86_64-linux-gnu/libXi.so.6.1.0
7fb66ce45000-7fb66ce4a000 r-xp 00000000 08:06 20717277                   /usr/lib/x86_64-linux-gnu/libXtst.so.6.1.0
7fb66ce4a000-7fb66d049000 ---p 00005000 08:06 20717277                   /usr/lib/x86_64-linux-gnu/libXtst.so.6.1.0
7fb66d049000-7fb66d04a000 r--p 00004000 08:06 20717277                   /usr/lib/x86_64-linux-gnu/libXtst.so.6.1.0
7fb66d04a000-7fb66d04b000 rw-p 00005000 08:06 20717277                   /usr/lib/x86_64-linux-gnu/libXtst.so.6.1.0
7fb66d04b000-7fb66d054000 r-xp 00000000 08:06 20717271                   /usr/lib/x86_64-linux-gnu/libXrender.so.1.3.0
7fb66d054000-7fb66d253000 ---p 00009000 08:06 20717271                   /usr/lib/x86_64-linux-gnu/libXrender.so.1.3.0
7fb66d253000-7fb66d254000 r--p 00008000 08:06 20717271                   /usr/lib/x86_64-linux-gnu/libXrender.so.1.3.0
7fb66d254000-7fb66d255000 rw-p 00009000 08:06 20717271                   /usr/lib/x86_64-linux-gnu/libXrender.so.1.3.0
7fb66d255000-7fb66d38a000 r-xp 00000000 08:06 20717232                   /usr/lib/x86_64-linux-gnu/libX11.so.6.3.0
7fb66d38a000-7fb66d58a000 ---p 00135000 08:06 20717232                   /usr/lib/x86_64-linux-gnu/libX11.so.6.3.0
7fb66d58a000-7fb66d58b000 r--p 00135000 08:06 20717232                   /usr/lib/x86_64-linux-gnu/libX11.so.6.3.0
7fb66d58b000-7fb66d58f000 rw-p 00136000 08:06 20717232                   /usr/lib/x86_64-linux-gnu/libX11.so.6.3.0
7fb66d58f000-7fb66d5a0000 r-xp 00000000 08:06 20717249                   /usr/lib/x86_64-linux-gnu/libXext.so.6.4.0
7fb66d5a0000-7fb66d79f000 ---p 00011000 08:06 20717249                   /usr/lib/x86_64-linux-gnu/libXext.so.6.4.0
7fb66d79f000-7fb66d7a0000 r--p 00010000 08:06 20717249                   /usr/lib/x86_64-linux-gnu/libXext.so.6.4.0
7fb66d7a0000-7fb66d7a1000 rw-p 00011000 08:06 20717249                   /usr/lib/x86_64-linux-gnu/libXext.so.6.4.0
7fb66d7a1000-7fb66d7f5000 r-xp 00000000 08:06 20845854                   /usr/lib/jvm/java-8-openjdk-amd64/jre/lib/amd64/libawt_xawt.so
7fb66d7f5000-7fb66d9f5000 ---p 00054000 08:06 20845854                   /usr/lib/jvm/java-8-openjdk-amd64/jre/lib/amd64/libawt_xawt.so
7fb66d9f5000-7fb66d9f6000 r--p 00054000 08:06 20845854                   /usr/lib/jvm/java-8-openjdk-amd64/jre/lib/amd64/libawt_xawt.so
7fb66d9f6000-7fb66d9f9000 rw-p 00055000 08:06 20845854                   /usr/lib/jvm/java-8-openjdk-amd64/jre/lib/amd64/libawt_xawt.so
7fb66d9f9000-7fb66d9fa000 rw-p 00000000 00:00 0 
7fb66d9fa000-7fb66da9a000 r-xp 00000000 08:06 20845870                   /usr/lib/jvm/java-8-openjdk-amd64/jre/lib/amd64/libawt.so
7fb66da9a000-7fb66dc9a000 ---p 000a0000 08:06 20845870                   /usr/lib/jvm/java-8-openjdk-amd64/jre/lib/amd64/libawt.so
7fb66dc9a000-7fb66dc9b000 r--p 000a0000 08:06 20845870                   /usr/lib/jvm/java-8-openjdk-amd64/jre/lib/amd64/libawt.so
7fb66dc9b000-7fb66dca6000 rw-p 000a1000 08:06 20845870                   /usr/lib/jvm/java-8-openjdk-amd64/jre/lib/amd64/libawt.so
7fb66dca6000-7fb66dccb000 rw-p 00000000 00:00 0 
7fb66dccb000-7fb66dce3000 r-xp 00000000 08:06 19530086                   /tmp/jna--1508977108/jna1532146816990139542.tmp (deleted)
7fb66dce3000-7fb66dee3000 ---p 00018000 08:06 19530086                   /tmp/jna--1508977108/jna1532146816990139542.tmp (deleted)
7fb66dee3000-7fb66dee4000 rw-p 00018000 08:06 19530086                   /tmp/jna--1508977108/jna1532146816990139542.tmp (deleted)
7fb66dee4000-7fb66dee5000 ---p 00000000 00:00 0 
7fb66dee5000-7fb66dfe5000 rw-p 00000000 00:00 0 
7fb66dfe5000-7fb66dfe8000 ---p 00000000 00:00 0 
7fb66dfe8000-7fb66e0e6000 rw-p 00000000 00:00 0 
7fb66e0e6000-7fb66e0e9000 ---p 00000000 00:00 0 
7fb66e0e9000-7fb66e1e7000 rw-p 00000000 00:00 0 
7fb66e1e7000-7fb66e1ea000 ---p 00000000 00:00 0 
7fb66e1ea000-7fb66e2e8000 rw-p 00000000 00:00 0 
7fb66e2e8000-7fb66e2ff000 r-xp 00000000 08:06 20845864                   /usr/lib/jvm/java-8-openjdk-amd64/jre/lib/amd64/libnet.so
7fb66e2ff000-7fb66e4fe000 ---p 00017000 08:06 20845864                   /usr/lib/jvm/java-8-openjdk-amd64/jre/lib/amd64/libnet.so
7fb66e4fe000-7fb66e4ff000 r--p 00016000 08:06 20845864                   /usr/lib/jvm/java-8-openjdk-amd64/jre/lib/amd64/libnet.so
7fb66e4ff000-7fb66e500000 rw-p 00017000 08:06 20845864                   /usr/lib/jvm/java-8-openjdk-amd64/jre/lib/amd64/libnet.so
7fb66e500000-7fb66e503000 ---p 00000000 00:00 0 
7fb66e503000-7fb66e601000 rw-p 00000000 00:00 0 
7fb66e601000-7fb66e604000 ---p 00000000 00:00 0 
7fb66e604000-7fb66e702000 rw-p 00000000 00:00 0 
7fb66e702000-7fb66e705000 ---p 00000000 00:00 0 
7fb66e705000-7fb66e803000 rw-p 00000000 00:00 0 
7fb66e803000-7fb66e806000 ---p 00000000 00:00 0 
7fb66e806000-7fb66e904000 rw-p 00000000 00:00 0 
7fb66e904000-7fb66f3f4000 r--p 00000000 08:06 20716335                   /usr/lib/locale/locale-archive
7fb66f3f4000-7fb66f3f7000 ---p 00000000 00:00 0 
7fb66f3f7000-7fb66f4f5000 rw-p 00000000 00:00 0 
7fb66f4f5000-7fb66f4f8000 ---p 00000000 00:00 0 
7fb66f4f8000-7fb66f5f6000 rw-p 00000000 00:00 0 
7fb66f5f6000-7fb66f5f7000 ---p 00000000 00:00 0 
7fb66f5f7000-7fb670000000 rw-p 00000000 00:00 0 
7fb670000000-7fb670021000 rw-p 00000000 00:00 0 
7fb670021000-7fb674000000 ---p 00000000 00:00 0 
7fb674000000-7fb674021000 rw-p 00000000 00:00 0 
7fb674021000-7fb678000000 ---p 00000000 00:00 0 
7fb678000000-7fb678021000 rw-p 00000000 00:00 0 
7fb678021000-7fb67c000000 ---p 00000000 00:00 0 
7fb67c000000-7fb67c021000 rw-p 00000000 00:00 0 
7fb67c021000-7fb680000000 ---p 00000000 00:00 0 
7fb680000000-7fb680021000 rw-p 00000000 00:00 0 
7fb680021000-7fb684000000 ---p 00000000 00:00 0 
7fb684000000-7fb684021000 rw-p 00000000 00:00 0 
7fb684021000-7fb688000000 ---p 00000000 00:00 0 
7fb688000000-7fb688021000 rw-p 00000000 00:00 0 
7fb688021000-7fb68c000000 ---p 00000000 00:00 0 
7fb68c022000-7fb68c025000 ---p 00000000 00:00 0 
7fb68c025000-7fb68c05b000 rw-p 00000000 00:00 0 
7fb68c05b000-7fb68c0f1000 r--s 008d7000 08:06 21384562                   /usr/share/java/openjfx/jre/lib/ext/jfxrt.jar
7fb68c0f1000-7fb68d000000 rw-p 00000000 00:00 0 
7fb68d000000-7fb68d270000 rwxp 00000000 00:00 0 
7fb68d270000-7fb69c000000 ---p 00000000 00:00 0 
7fb69c000000-7fb69c57e000 rw-p 00000000 00:00 0 
7fb69c57e000-7fb6a0000000 ---p 00000000 00:00 0 
7fb6a0007000-7fb6a000e000 r--s 00000000 08:06 20974225                   /usr/lib/x86_64-linux-gnu/gconv/gconv-modules.cache
7fb6a000e000-7fb6a0013000 r--s 002f9000 08:06 20845883                   /usr/lib/jvm/java-8-openjdk-amd64/jre/lib/charsets.jar
7fb6a0013000-7fb6a0018000 r--s 0009a000 08:06 20845885                   /usr/lib/jvm/java-8-openjdk-amd64/jre/lib/jsse.jar
7fb6a0018000-7fb6a001a000 r--s 0001a000 08:06 8127004                    /home/szergowiec/idea-IU-172.4574.11/lib/idea_rt.jar
7fb6a001a000-7fb6a001e000 r--s 0015c000 08:06 19533195                   /home/szergowiec/.gradle/caches/modules-2/files-2.1/net.java.dev.jna/jna/4.5.0/55b548d3195efc5280bf1c3f17b49659c54dee40/jna-4.5.0.jar
7fb6a001e000-7fb6a0020000 r--s 00007000 08:06 19529853                   /home/szergowiec/.gradle/caches/modules-2/files-2.1/org.slf4j/slf4j-api/1.7.13/7fcf30c25b8f4a9379b9dad0d3f487b25272c026/slf4j-api-1.7.13.jar
7fb6a0020000-7fb6a002f000 r--s 00115000 08:06 19529788                   /home/szergowiec/.gradle/caches/modules-2/files-2.1/net.java.dev.jna/platform/3.5.2/beac07d13858ef3697ceeab43897d70aeb5113c9/platform-3.5.2.jar
7fb6a002f000-7fb6a0049000 r--s 0021e000 08:06 19533194                   /home/szergowiec/.gradle/caches/modules-2/files-2.1/net.java.dev.jna/jna-platform/4.5.0/ab163522ed76eb01c8c9a750dedacb134fc8c0/jna-platform-4.5.0.jar
7fb6a0049000-7fb6a004a000 r--s 00002000 08:06 19529851                   /home/szergowiec/.gradle/caches/modules-2/files-2.1/org.slf4j/slf4j-simple/1.7.13/8f0d8b5bf0ff295162360a0a5ebb9c945bd2b685/slf4j-simple-1.7.13.jar
7fb6a004a000-7fb6a0055000 r--s 0004a000 08:06 19529786                   /home/szergowiec/.gradle/caches/modules-2/files-2.1/uk.co.caprica/vlcj/3.1.0/ded91fc4d924c6744a1c557ce99c5e53bca2d040/vlcj-3.1.0.jar
7fb6a0055000-7fb6a0068000 r--s 00346000 08:06 20845884                   /usr/lib/jvm/java-8-openjdk-amd64/jre/lib/resources.jar
7fb6a0068000-7fb6a0069000 r--s 00000000 08:06 20845887                   /usr/lib/jvm/java-8-openjdk-amd64/jre/lib/management-agent.jar
7fb6a0069000-7fb6a006e000 r--s 0009a000 08:06 20845885                   /usr/lib/jvm/java-8-openjdk-amd64/jre/lib/jsse.jar
7fb6a006e000-7fb6a0071000 r--s 00015000 08:06 20845822                   /usr/lib/jvm/java-8-openjdk-amd64/jre/lib/jce.jar
7fb6a0071000-7fb6a0076000 r--s 002f9000 08:06 20845883                   /usr/lib/jvm/java-8-openjdk-amd64/jre/lib/charsets.jar
7fb6a0076000-7fb6a0091000 r--s 00394000 08:06 20845825                   /usr/lib/jvm/java-8-openjdk-amd64/jre/lib/ext/cldrdata.jar
7fb6a0091000-7fb6a00ac000 r--s 001d6000 08:06 20845827                   /usr/lib/jvm/java-8-openjdk-amd64/jre/lib/ext/nashorn.jar
7fb6a00ac000-7fb6a03af000 rw-p 00000000 00:00 0 
7fb6a03af000-7fb6a057e000 r--s 03c21000 08:06 20845820                   /usr/lib/jvm/java-8-openjdk-amd64/jre/lib/rt.jar
7fb6a057e000-7fb6a0db4000 rw-p 00000000 00:00 0 
7fb6a0db4000-7fb6a0df4000 ---p 00000000 00:00 0 
7fb6a0df4000-7fb6a11d0000 rw-p 00000000 00:00 0 
7fb6a11d0000-7fb6a11d1000 ---p 00000000 00:00 0 
7fb6a11d1000-7fb6a12d1000 rw-p 00000000 00:00 0 
7fb6a12d1000-7fb6a12d2000 ---p 00000000 00:00 0 
7fb6a12d2000-7fb6a13d2000 rw-p 00000000 00:00 0 
7fb6a13d2000-7fb6a13d3000 ---p 00000000 00:00 0 
7fb6a13d3000-7fb6a14d3000 rw-p 00000000 00:00 0 
7fb6a14d3000-7fb6a14d4000 ---p 00000000 00:00 0 
7fb6a14d4000-7fb6a15d4000 rw-p 00000000 00:00 0 
7fb6a15d4000-7fb6a15d5000 ---p 00000000 00:00 0 
7fb6a15d5000-7fb6a16d5000 rw-p 00000000 00:00 0 
7fb6a16d5000-7fb6a16d6000 ---p 00000000 00:00 0 
7fb6a16d6000-7fb6a17d6000 rw-p 00000000 00:00 0 
7fb6a17d6000-7fb6a17d7000 ---p 00000000 00:00 0 
7fb6a17d7000-7fb6a18d7000 rw-p 00000000 00:00 0 
7fb6a18d7000-7fb6a18d8000 ---p 00000000 00:00 0 
7fb6a18d8000-7fb6a1a02000 rw-p 00000000 00:00 0 
7fb6a1a02000-7fb6a1c6b000 ---p 00000000 00:00 0 
7fb6a1c6b000-7fb6a1c95000 rw-p 00000000 00:00 0 
7fb6a1c95000-7fb6a1efd000 ---p 00000000 00:00 0 
7fb6a1efd000-7fb6a1f13000 rw-p 00000000 00:00 0 
7fb6a1f13000-7fb6a2047000 ---p 00000000 00:00 0 
7fb6a2047000-7fb6a2052000 rw-p 00000000 00:00 0 
7fb6a2052000-7fb6a2408000 ---p 00000000 00:00 0 
7fb6a2408000-7fb6a2410000 r-xp 00000000 08:06 20845871                   /usr/lib/jvm/java-8-openjdk-amd64/jre/lib/amd64/libzip.so
7fb6a2410000-7fb6a260f000 ---p 00008000 08:06 20845871                   /usr/lib/jvm/java-8-openjdk-amd64/jre/lib/amd64/libzip.so
7fb6a260f000-7fb6a2610000 r--p 00007000 08:06 20845871                   /usr/lib/jvm/java-8-openjdk-amd64/jre/lib/amd64/libzip.so
7fb6a2610000-7fb6a2611000 rw-p 00008000 08:06 20845871                   /usr/lib/jvm/java-8-openjdk-amd64/jre/lib/amd64/libzip.so
7fb6a2611000-7fb6a261c000 r-xp 00000000 08:06 266782                     /lib/x86_64-linux-gnu/libnss_files-2.23.so
7fb6a261c000-7fb6a281b000 ---p 0000b000 08:06 266782                     /lib/x86_64-linux-gnu/libnss_files-2.23.so
7fb6a281b000-7fb6a281c000 r--p 0000a000 08:06 266782                     /lib/x86_64-linux-gnu/libnss_files-2.23.so
7fb6a281c000-7fb6a281d000 rw-p 0000b000 08:06 266782                     /lib/x86_64-linux-gnu/libnss_files-2.23.so
7fb6a281d000-7fb6a2823000 rw-p 00000000 00:00 0 
7fb6a2823000-7fb6a282e000 r-xp 00000000 08:06 266792                     /lib/x86_64-linux-gnu/libnss_nis-2.23.so
7fb6a282e000-7fb6a2a2d000 ---p 0000b000 08:06 266792                     /lib/x86_64-linux-gnu/libnss_nis-2.23.so
7fb6a2a2d000-7fb6a2a2e000 r--p 0000a000 08:06 266792                     /lib/x86_64-linux-gnu/libnss_nis-2.23.so
7fb6a2a2e000-7fb6a2a2f000 rw-p 0000b000 08:06 266792                     /lib/x86_64-linux-gnu/libnss_nis-2.23.so
7fb6a2a2f000-7fb6a2a45000 r-xp 00000000 08:06 266776                     /lib/x86_64-linux-gnu/libnsl-2.23.so
7fb6a2a45000-7fb6a2c44000 ---p 00016000 08:06 266776                     /lib/x86_64-linux-gnu/libnsl-2.23.so
7fb6a2c44000-7fb6a2c45000 r--p 00015000 08:06 266776                     /lib/x86_64-linux-gnu/libnsl-2.23.so
7fb6a2c45000-7fb6a2c46000 rw-p 00016000 08:06 266776                     /lib/x86_64-linux-gnu/libnsl-2.23.so
7fb6a2c46000-7fb6a2c48000 rw-p 00000000 00:00 0 
7fb6a2c48000-7fb6a2c50000 r-xp 00000000 08:06 266778                     /lib/x86_64-linux-gnu/libnss_compat-2.23.so
7fb6a2c50000-7fb6a2e4f000 ---p 00008000 08:06 266778                     /lib/x86_64-linux-gnu/libnss_compat-2.23.so
7fb6a2e4f000-7fb6a2e50000 r--p 00007000 08:06 266778                     /lib/x86_64-linux-gnu/libnss_compat-2.23.so
7fb6a2e50000-7fb6a2e51000 rw-p 00008000 08:06 266778                     /lib/x86_64-linux-gnu/libnss_compat-2.23.so
7fb6a2e51000-7fb6a2e5b000 r-xp 00000000 08:06 20845859                   /usr/lib/jvm/java-8-openjdk-amd64/jre/lib/amd64/libinstrument.so
7fb6a2e5b000-7fb6a305a000 ---p 0000a000 08:06 20845859                   /usr/lib/jvm/java-8-openjdk-amd64/jre/lib/amd64/libinstrument.so
7fb6a305a000-7fb6a305b000 r--p 00009000 08:06 20845859                   /usr/lib/jvm/java-8-openjdk-amd64/jre/lib/amd64/libinstrument.so
7fb6a305b000-7fb6a305c000 rw-p 0000a000 08:06 20845859                   /usr/lib/jvm/java-8-openjdk-amd64/jre/lib/amd64/libinstrument.so
7fb6a305c000-7fb6a3089000 r-xp 00000000 08:06 20845852                   /usr/lib/jvm/java-8-openjdk-amd64/jre/lib/amd64/libjava.so
7fb6a3089000-7fb6a3288000 ---p 0002d000 08:06 20845852                   /usr/lib/jvm/java-8-openjdk-amd64/jre/lib/amd64/libjava.so
7fb6a3288000-7fb6a3289000 r--p 0002c000 08:06 20845852                   /usr/lib/jvm/java-8-openjdk-amd64/jre/lib/amd64/libjava.so
7fb6a3289000-7fb6a328b000 rw-p 0002d000 08:06 20845852                   /usr/lib/jvm/java-8-openjdk-amd64/jre/lib/amd64/libjava.so
7fb6a328b000-7fb6a329a000 r-xp 00000000 08:06 20845869                   /usr/lib/jvm/java-8-openjdk-amd64/jre/lib/amd64/libverify.so
7fb6a329a000-7fb6a3499000 ---p 0000f000 08:06 20845869                   /usr/lib/jvm/java-8-openjdk-amd64/jre/lib/amd64/libverify.so
7fb6a3499000-7fb6a349b000 r--p 0000e000 08:06 20845869                   /usr/lib/jvm/java-8-openjdk-amd64/jre/lib/amd64/libverify.so
7fb6a349b000-7fb6a349c000 rw-p 00010000 08:06 20845869                   /usr/lib/jvm/java-8-openjdk-amd64/jre/lib/amd64/libverify.so
7fb6a349c000-7fb6a34a3000 r-xp 00000000 08:06 266837                     /lib/x86_64-linux-gnu/librt-2.23.so
7fb6a34a3000-7fb6a36a2000 ---p 00007000 08:06 266837                     /lib/x86_64-linux-gnu/librt-2.23.so
7fb6a36a2000-7fb6a36a3000 r--p 00006000 08:06 266837                     /lib/x86_64-linux-gnu/librt-2.23.so
7fb6a36a3000-7fb6a36a4000 rw-p 00007000 08:06 266837                     /lib/x86_64-linux-gnu/librt-2.23.so
7fb6a36a4000-7fb6a36ba000 r-xp 00000000 08:06 266721                     /lib/x86_64-linux-gnu/libgcc_s.so.1
7fb6a36ba000-7fb6a38b9000 ---p 00016000 08:06 266721                     /lib/x86_64-linux-gnu/libgcc_s.so.1
7fb6a38b9000-7fb6a38ba000 rw-p 00015000 08:06 266721                     /lib/x86_64-linux-gnu/libgcc_s.so.1
7fb6a38ba000-7fb6a39c2000 r-xp 00000000 08:06 266753                     /lib/x86_64-linux-gnu/libm-2.23.so
7fb6a39c2000-7fb6a3bc1000 ---p 00108000 08:06 266753                     /lib/x86_64-linux-gnu/libm-2.23.so
7fb6a3bc1000-7fb6a3bc2000 r--p 00107000 08:06 266753                     /lib/x86_64-linux-gnu/libm-2.23.so
7fb6a3bc2000-7fb6a3bc3000 rw-p 00108000 08:06 266753                     /lib/x86_64-linux-gnu/libm-2.23.so
7fb6a3bc3000-7fb6a3d35000 r-xp 00000000 08:06 20718405                   /usr/lib/x86_64-linux-gnu/libstdc++.so.6.0.21
7fb6a3d35000-7fb6a3f35000 ---p 00172000 08:06 20718405                   /usr/lib/x86_64-linux-gnu/libstdc++.so.6.0.21
7fb6a3f35000-7fb6a3f3f000 r--p 00172000 08:06 20718405                   /usr/lib/x86_64-linux-gnu/libstdc++.so.6.0.21
7fb6a3f3f000-7fb6a3f41000 rw-p 0017c000 08:06 20718405                   /usr/lib/x86_64-linux-gnu/libstdc++.so.6.0.21
7fb6a3f41000-7fb6a3f45000 rw-p 00000000 00:00 0 
7fb6a3f45000-7fb6a4b97000 r-xp 00000000 08:06 20845863                   /usr/lib/jvm/java-8-openjdk-amd64/jre/lib/amd64/server/libjvm.so
7fb6a4b97000-7fb6a4d97000 ---p 00c52000 08:06 20845863                   /usr/lib/jvm/java-8-openjdk-amd64/jre/lib/amd64/server/libjvm.so
7fb6a4d97000-7fb6a4e2a000 r--p 00c52000 08:06 20845863                   /usr/lib/jvm/java-8-openjdk-amd64/jre/lib/amd64/server/libjvm.so
7fb6a4e2a000-7fb6a4e53000 rw-p 00ce5000 08:06 20845863                   /usr/lib/jvm/java-8-openjdk-amd64/jre/lib/amd64/server/libjvm.so
7fb6a4e53000-7fb6a4e83000 rw-p 00000000 00:00 0 
7fb6a4e83000-7fb6a4e9b000 r-xp 00000000 08:06 266829                     /lib/x86_64-linux-gnu/libpthread-2.23.so
7fb6a4e9b000-7fb6a509a000 ---p 00018000 08:06 266829                     /lib/x86_64-linux-gnu/libpthread-2.23.so
7fb6a509a000-7fb6a509b000 r--p 00017000 08:06 266829                     /lib/x86_64-linux-gnu/libpthread-2.23.so
7fb6a509b000-7fb6a509c000 rw-p 00018000 08:06 266829                     /lib/x86_64-linux-gnu/libpthread-2.23.so
7fb6a509c000-7fb6a50a0000 rw-p 00000000 00:00 0 
7fb6a50a0000-7fb6a50a3000 r-xp 00000000 08:06 266707                     /lib/x86_64-linux-gnu/libdl-2.23.so
7fb6a50a3000-7fb6a52a2000 ---p 00003000 08:06 266707                     /lib/x86_64-linux-gnu/libdl-2.23.so
7fb6a52a2000-7fb6a52a3000 r--p 00002000 08:06 266707                     /lib/x86_64-linux-gnu/libdl-2.23.so
7fb6a52a3000-7fb6a52a4000 rw-p 00003000 08:06 266707                     /lib/x86_64-linux-gnu/libdl-2.23.so
7fb6a52a4000-7fb6a52bd000 r-xp 00000000 08:06 266874                     /lib/x86_64-linux-gnu/libz.so.1.2.8
7fb6a52bd000-7fb6a54bc000 ---p 00019000 08:06 266874                     /lib/x86_64-linux-gnu/libz.so.1.2.8
7fb6a54bc000-7fb6a54bd000 r--p 00018000 08:06 266874                     /lib/x86_64-linux-gnu/libz.so.1.2.8
7fb6a54bd000-7fb6a54be000 rw-p 00019000 08:06 266874                     /lib/x86_64-linux-gnu/libz.so.1.2.8
7fb6a54be000-7fb6a567e000 r-xp 00000000 08:06 266683                     /lib/x86_64-linux-gnu/libc-2.23.so
7fb6a567e000-7fb6a587e000 ---p 001c0000 08:06 266683                     /lib/x86_64-linux-gnu/libc-2.23.so
7fb6a587e000-7fb6a5882000 r--p 001c0000 08:06 266683                     /lib/x86_64-linux-gnu/libc-2.23.so
7fb6a5882000-7fb6a5884000 rw-p 001c4000 08:06 266683                     /lib/x86_64-linux-gnu/libc-2.23.so
7fb6a5884000-7fb6a5888000 rw-p 00000000 00:00 0 
7fb6a5888000-7fb6a5895000 r-xp 00000000 08:06 20845867                   /usr/lib/jvm/java-8-openjdk-amd64/jre/lib/amd64/jli/libjli.so
7fb6a5895000-7fb6a5a95000 ---p 0000d000 08:06 20845867                   /usr/lib/jvm/java-8-openjdk-amd64/jre/lib/amd64/jli/libjli.so
7fb6a5a95000-7fb6a5a96000 r--p 0000d000 08:06 20845867                   /usr/lib/jvm/java-8-openjdk-amd64/jre/lib/amd64/jli/libjli.so
7fb6a5a96000-7fb6a5a97000 rw-p 0000e000 08:06 20845867                   /usr/lib/jvm/java-8-openjdk-amd64/jre/lib/amd64/jli/libjli.so
7fb6a5a97000-7fb6a5abd000 r-xp 00000000 08:06 266655                     /lib/x86_64-linux-gnu/ld-2.23.so
7fb6a5abd000-7fb6a5abf000 r--s 00001000 08:06 20845833                   /usr/lib/jvm/java-8-openjdk-amd64/jre/lib/ext/dnsns.jar
7fb6a5abf000-7fb6a5ac9000 r--s 00116000 08:06 20845830                   /usr/lib/jvm/java-8-openjdk-amd64/jre/lib/ext/localedata.jar
7fb6a5ac9000-7fb6a5aca000 r--s 00010000 08:06 20845826                   /usr/lib/jvm/java-8-openjdk-amd64/jre/lib/ext/zipfs.jar
7fb6a5aca000-7fb6a5b9a000 rw-p 00000000 00:00 0 
7fb6a5b9a000-7fb6a5b9d000 ---p 00000000 00:00 0 
7fb6a5b9d000-7fb6a5ca0000 rw-p 00000000 00:00 0 
7fb6a5ca0000-7fb6a5ca3000 r--s 0000f000 08:06 20845824                   /usr/lib/jvm/java-8-openjdk-amd64/jre/lib/ext/icedtea-sound.jar
7fb6a5ca3000-7fb6a5ca4000 r--s 0000a000 08:06 20845832                   /usr/lib/jvm/java-8-openjdk-amd64/jre/lib/ext/jaccess.jar
7fb6a5ca4000-7fb6a5ca6000 r--s 00008000 08:06 20845829                   /usr/lib/jvm/java-8-openjdk-amd64/jre/lib/ext/sunec.jar
7fb6a5ca6000-7fb6a5cac000 r--s 0003a000 08:06 20845828                   /usr/lib/jvm/java-8-openjdk-amd64/jre/lib/ext/sunjce_provider.jar
7fb6a5cac000-7fb6a5cb0000 r--s 00037000 08:06 20845831                   /usr/lib/jvm/java-8-openjdk-amd64/jre/lib/ext/sunpkcs11.jar
7fb6a5cb0000-7fb6a5cb8000 rw-s 00000000 08:06 19530075                   /tmp/hsperfdata_szergowiec/11427
7fb6a5cb8000-7fb6a5cb9000 rw-p 00000000 00:00 0 
7fb6a5cb9000-7fb6a5cba000 r--p 00000000 00:00 0 
7fb6a5cba000-7fb6a5cbc000 rw-p 00000000 00:00 0 
7fb6a5cbc000-7fb6a5cbd000 r--p 00025000 08:06 266655                     /lib/x86_64-linux-gnu/ld-2.23.so
7fb6a5cbd000-7fb6a5cbe000 rw-p 00026000 08:06 266655                     /lib/x86_64-linux-gnu/ld-2.23.so
7fb6a5cbe000-7fb6a5cbf000 rw-p 00000000 00:00 0 
7ffedbaa5000-7ffedbac7000 rw-p 00000000 00:00 0                          [stack]
7ffedbbd8000-7ffedbbda000 r--p 00000000 00:00 0                          [vvar]
7ffedbbda000-7ffedbbdc000 r-xp 00000000 00:00 0                          [vdso]
ffffffffff600000-ffffffffff601000 r-xp 00000000 00:00 0                  [vsyscall]

VM Arguments:
jvm_args: -javaagent:/home/szergowiec/idea-IU-172.4574.11/lib/idea_rt.jar=39911:/home/szergowiec/idea-IU-172.4574.11/bin -Dfile.encoding=UTF-8 
java_command: Server
java_class_path (initial): /usr/lib/jvm/java-1.8.0-openjdk-amd64/jre/lib/charsets.jar:/usr/lib/jvm/java-1.8.0-openjdk-amd64/jre/lib/ext/cldrdata.jar:/usr/lib/jvm/java-1.8.0-openjdk-amd64/jre/lib/ext/dnsns.jar:/usr/lib/jvm/java-1.8.0-openjdk-amd64/jre/lib/ext/icedtea-sound.jar:/usr/lib/jvm/java-1.8.0-openjdk-amd64/jre/lib/ext/jaccess.jar:/usr/lib/jvm/java-1.8.0-openjdk-amd64/jre/lib/ext/localedata.jar:/usr/lib/jvm/java-1.8.0-openjdk-amd64/jre/lib/ext/nashorn.jar:/usr/lib/jvm/java-1.8.0-openjdk-amd64/jre/lib/ext/sunec.jar:/usr/lib/jvm/java-1.8.0-openjdk-amd64/jre/lib/ext/sunjce_provider.jar:/usr/lib/jvm/java-1.8.0-openjdk-amd64/jre/lib/ext/sunpkcs11.jar:/usr/lib/jvm/java-1.8.0-openjdk-amd64/jre/lib/ext/zipfs.jar:/usr/lib/jvm/java-1.8.0-openjdk-amd64/jre/lib/jce.jar:/usr/lib/jvm/java-1.8.0-openjdk-amd64/jre/lib/jsse.jar:/usr/lib/jvm/java-1.8.0-openjdk-amd64/jre/lib/management-agent.jar:/usr/lib/jvm/java-1.8.0-openjdk-amd64/jre/lib/resources.jar:/usr/lib/jvm/java-1.8.0-openjdk-amd64/jre/lib/rt.jar:/home/szergowiec/Pulpit/wzorce/out/production/classes:/home/szergowiec/.gradle/caches/modules-2/files-2.1/uk.co.caprica/vlcj/3.1.0/ded91fc4d924c6744a1c557ce99c5e53bca2d040/vlcj-3.1.0.jar:/home/szergowiec/.gradle/caches/modules-2/files-2.1/org.slf4j/slf4j-simple/1.7.13/8f0d8b5bf0ff295162360a0a5ebb9c945bd2b685/slf4j-simple-1.7.13.jar:/home/szergowiec/.gradle/caches/modules-2/files-2.1/net.java.dev.jna/jna-platform/4.5.0/ab163522ed76eb01c8c9a750dedacb134fc8c0/jna-platform-4.5.0.jar:/home/szergowiec/.gradle/caches/modules-2/files-2.1/net.java.dev.jna/platform/3.5.2/beac07d13858ef3697ceeab43897d70aeb5113c9/platform-3.5.2.jar:/home/szergowiec/.gradle/caches/modules-2/files-2.1/org.slf4j/slf4j-api/1.7.13/7fcf30c25b8f4a9379b9dad0d3f487b25272c026/slf4j-api-1.7.13.jar:/home/szergowiec/.gradle/caches/modules-2/files-2.1/net.java.dev.jna/jna/4.5.0/55b548d3195efc5280bf1c3f17b49659c54dee40/jna-4.5.0.jar:/home/szergowiec/idea-IU-172.4574.11/lib/idea_rt.jar
Launcher Type: SUN_STANDARD

Environment Variables:
PATH=/home/szergowiec/bin:/home/szergowiec/.local/bin:/usr/local/sbin:/usr/local/bin:/usr/sbin:/usr/bin:/sbin:/bin:/usr/games:/usr/local/games:/snap/bin
LD_LIBRARY_PATH=/home/szergowiec/idea-IU-172.4574.11/bin:
SHELL=/bin/bash
DISPLAY=:0

Signal Handlers:
SIGSEGV: [libjvm.so+0xa69040], sa_mask[0]=11111111011111111101111111111110, sa_flags=SA_RESTART|SA_SIGINFO
SIGBUS: [libjvm.so+0xa69040], sa_mask[0]=11111111011111111101111111111110, sa_flags=SA_RESTART|SA_SIGINFO
SIGFPE: [libjvm.so+0x8b2170], sa_mask[0]=11111111011111111101111111111110, sa_flags=SA_RESTART|SA_SIGINFO
SIGPIPE: [libjvm.so+0x8b2170], sa_mask[0]=11111111011111111101111111111110, sa_flags=SA_RESTART|SA_SIGINFO
SIGXFSZ: [libjvm.so+0x8b2170], sa_mask[0]=11111111011111111101111111111110, sa_flags=SA_RESTART|SA_SIGINFO
SIGILL: [libjvm.so+0x8b2170], sa_mask[0]=11111111011111111101111111111110, sa_flags=SA_RESTART|SA_SIGINFO
SIGUSR1: SIG_DFL, sa_mask[0]=00000000000000000000000000000000, sa_flags=none
SIGUSR2: [libjvm.so+0x8b2020], sa_mask[0]=00100000000000000000000000000000, sa_flags=SA_RESTART|SA_SIGINFO
SIGHUP: [libjvm.so+0x8b24f0], sa_mask[0]=11111111011111111101111111111110, sa_flags=SA_RESTART|SA_SIGINFO
SIGINT: [libjvm.so+0x8b24f0], sa_mask[0]=11111111011111111101111111111110, sa_flags=SA_RESTART|SA_SIGINFO
SIGTERM: [libjvm.so+0x8b24f0], sa_mask[0]=11111111011111111101111111111110, sa_flags=SA_RESTART|SA_SIGINFO
SIGQUIT: [libjvm.so+0x8b24f0], sa_mask[0]=11111111011111111101111111111110, sa_flags=SA_RESTART|SA_SIGINFO


---------------  S Y S T E M  ---------------

OS:DISTRIB_ID=Ubuntu
DISTRIB_RELEASE=16.04
DISTRIB_CODENAME=xenial
DISTRIB_DESCRIPTION="Ubuntu 16.04.3 LTS"

uname:Linux 4.10.0-40-generic #44~16.04.1-Ubuntu SMP Thu Nov 9 15:37:44 UTC 2017 x86_64
libc:glibc 2.23 NPTL 2.23 
rlimit: STACK 8192k, CORE 0k, NPROC 31432, NOFILE 1048576, AS infinity
load average:0,87 0,57 0,56

/proc/meminfo:
MemTotal:        8091304 kB
MemFree:          825160 kB
MemAvailable:    2572712 kB
Buffers:          287596 kB
Cached:          2333624 kB
SwapCached:            0 kB
Active:          5382932 kB
Inactive:        1478244 kB
Active(anon):    4238804 kB
Inactive(anon):   776600 kB
Active(file):    1144128 kB
Inactive(file):   701644 kB
Unevictable:          32 kB
Mlocked:              32 kB
SwapTotal:       8304636 kB
SwapFree:        8304636 kB
Dirty:              8836 kB
Writeback:             0 kB
AnonPages:       3797784 kB
Mapped:           585688 kB
Shmem:            775340 kB
Slab:             256592 kB
SReclaimable:     206624 kB
SUnreclaim:        49968 kB
KernelStack:       15548 kB
PageTables:        49392 kB
NFS_Unstable:          0 kB
Bounce:                0 kB
WritebackTmp:          0 kB
CommitLimit:    12350288 kB
Committed_AS:   11425812 kB
VmallocTotal:   34359738367 kB
VmallocUsed:           0 kB
VmallocChunk:          0 kB
HardwareCorrupted:     0 kB
AnonHugePages:   1685504 kB
ShmemHugePages:        0 kB
ShmemPmdMapped:        0 kB
CmaTotal:              0 kB
CmaFree:               0 kB
HugePages_Total:       0
HugePages_Free:        0
HugePages_Rsvd:        0
HugePages_Surp:        0
Hugepagesize:       2048 kB
DirectMap4k:      129544 kB
DirectMap2M:     6080512 kB
DirectMap1G:     2097152 kB


CPU:total 8 (initial active 8) (4 cores per cpu, 2 threads per core) family 6 model 60 stepping 3, cmov, cx8, fxsr, mmx, sse, sse2, sse3, ssse3, sse4.1, sse4.2, popcnt, avx, avx2, aes, clmul, erms, lzcnt, ht, tsc, tscinvbit, bmi1, bmi2

/proc/cpuinfo:
processor	: 0
vendor_id	: GenuineIntel
cpu family	: 6
model		: 60
model name	: Intel(R) Core(TM) i7-4710HQ CPU @ 2.50GHz
stepping	: 3
microcode	: 0x1a
cpu MHz		: 1900.024
cache size	: 6144 KB
physical id	: 0
siblings	: 8
core id		: 0
cpu cores	: 4
apicid		: 0
initial apicid	: 0
fpu		: yes
fpu_exception	: yes
cpuid level	: 13
wp		: yes
flags		: fpu vme de pse tsc msr pae mce cx8 apic sep mtrr pge mca cmov pat pse36 clflush dts acpi mmx fxsr sse sse2 ss ht tm pbe syscall nx pdpe1gb rdtscp lm constant_tsc arch_perfmon pebs bts rep_good nopl xtopology nonstop_tsc aperfmperf pni pclmulqdq dtes64 monitor ds_cpl vmx est tm2 ssse3 sdbg fma cx16 xtpr pdcm pcid sse4_1 sse4_2 x2apic movbe popcnt tsc_deadline_timer aes xsave avx f16c rdrand lahf_lm abm epb tpr_shadow vnmi flexpriority ept vpid fsgsbase tsc_adjust bmi1 avx2 smep bmi2 erms invpcid xsaveopt dtherm ida arat pln pts
bugs		:
bogomips	: 4988.60
clflush size	: 64
cache_alignment	: 64
address sizes	: 39 bits physical, 48 bits virtual
power management:

processor	: 1
vendor_id	: GenuineIntel
cpu family	: 6
model		: 60
model name	: Intel(R) Core(TM) i7-4710HQ CPU @ 2.50GHz
stepping	: 3
microcode	: 0x1a
cpu MHz		: 1902.313
cache size	: 6144 KB
physical id	: 0
siblings	: 8
core id		: 1
cpu cores	: 4
apicid		: 2
initial apicid	: 2
fpu		: yes
fpu_exception	: yes
cpuid level	: 13
wp		: yes
flags		: fpu vme de pse tsc msr pae mce cx8 apic sep mtrr pge mca cmov pat pse36 clflush dts acpi mmx fxsr sse sse2 ss ht tm pbe syscall nx pdpe1gb rdtscp lm constant_tsc arch_perfmon pebs bts rep_good nopl xtopology nonstop_tsc aperfmperf pni pclmulqdq dtes64 monitor ds_cpl vmx est tm2 ssse3 sdbg fma cx16 xtpr pdcm pcid sse4_1 sse4_2 x2apic movbe popcnt tsc_deadline_timer aes xsave avx f16c rdrand lahf_lm abm epb tpr_shadow vnmi flexpriority ept vpid fsgsbase tsc_adjust bmi1 avx2 smep bmi2 erms invpcid xsaveopt dtherm ida arat pln pts
bugs		:
bogomips	: 4988.60
clflush size	: 64
cache_alignment	: 64
address sizes	: 39 bits physical, 48 bits virtual
power management:

processor	: 2
vendor_id	: GenuineIntel
cpu family	: 6
model		: 60
model name	: Intel(R) Core(TM) i7-4710HQ CPU @ 2.50GHz
stepping	: 3
microcode	: 0x1a
cpu MHz		: 1922.302
cache size	: 6144 KB
physical id	: 0
siblings	: 8
core id		: 2
cpu cores	: 4
apicid		: 4
initial apicid	: 4
fpu		: yes
fpu_exception	: yes
cpuid level	: 13
wp		: yes
flags		: fpu vme de pse tsc msr pae mce cx8 apic sep mtrr pge mca cmov pat pse36 clflush dts acpi mmx fxsr sse sse2 ss ht tm pbe syscall nx pdpe1gb rdtscp lm constant_tsc arch_perfmon pebs bts rep_good nopl xtopology nonstop_tsc aperfmperf pni pclmulqdq dtes64 monitor ds_cpl vmx est tm2 ssse3 sdbg fma cx16 xtpr pdcm pcid sse4_1 sse4_2 x2apic movbe popcnt tsc_deadline_timer aes xsave avx f16c rdrand lahf_lm abm epb tpr_shadow vnmi flexpriority ept vpid fsgsbase tsc_adjust bmi1 avx2 smep bmi2 erms invpcid xsaveopt dtherm ida arat pln pts
bugs		:
bogomips	: 4988.60
clflush size	: 64
cache_alignment	: 64
address sizes	: 39 bits physical, 48 bits virtual
power management:

processor	: 3
vendor_id	: GenuineIntel
cpu family	: 6
model		: 60
model name	: Intel(R) Core(TM) i7-4710HQ CPU @ 2.50GHz
stepping	: 3
microcode	: 0x1a
cpu MHz		: 1900.024
cache size	: 6144 KB
physical id	: 0
siblings	: 8
core id		: 3
cpu cores	: 4
apicid		: 6
initial apicid	: 6
fpu		: yes
fpu_exception	: yes
cpuid level	: 13
wp		: yes
flags		: fpu vme de pse tsc msr pae mce cx8 apic sep mtrr pge mca cmov pat pse36 clflush dts acpi mmx fxsr sse sse2 ss ht tm pbe syscall nx pdpe1gb rdtscp lm constant_tsc arch_perfmon pebs bts rep_good nopl xtopology nonstop_tsc aperfmperf pni pclmulqdq dtes64 monitor ds_cpl vmx est tm2 ssse3 sdbg fma cx16 xtpr pdcm pcid sse4_1 sse4_2 x2apic movbe popcnt tsc_deadline_timer aes xsave avx f16c rdrand lahf_lm abm epb tpr_shadow vnmi flexpriority ept vpid fsgsbase tsc_adjust bmi1 avx2 smep bmi2 erms invpcid xsaveopt dtherm ida arat pln pts
bugs		:
bogomips	: 4988.60
clflush size	: 64
cache_alignment	: 64
address sizes	: 39 bits physical, 48 bits virtual
power management:

processor	: 4
vendor_id	: GenuineIntel
cpu family	: 6
model		: 60
model name	: Intel(R) Core(TM) i7-4710HQ CPU @ 2.50GHz
stepping	: 3
microcode	: 0x1a
cpu MHz		: 2468.719
cache size	: 6144 KB
physical id	: 0
siblings	: 8
core id		: 0
cpu cores	: 4
apicid		: 1
initial apicid	: 1
fpu		: yes
fpu_exception	: yes
cpuid level	: 13
wp		: yes
flags		: fpu vme de pse tsc msr pae mce cx8 apic sep mtrr pge mca cmov pat pse36 clflush dts acpi mmx fxsr sse sse2 ss ht tm pbe syscall nx pdpe1gb rdtscp lm constant_tsc arch_perfmon pebs bts rep_good nopl xtopology nonstop_tsc aperfmperf pni pclmulqdq dtes64 monitor ds_cpl vmx est tm2 ssse3 sdbg fma cx16 xtpr pdcm pcid sse4_1 sse4_2 x2apic movbe popcnt tsc_deadline_timer aes xsave avx f16c rdrand lahf_lm abm epb tpr_shadow vnmi flexpriority ept vpid fsgsbase tsc_adjust bmi1 avx2 smep bmi2 erms invpcid xsaveopt dtherm ida arat pln pts
bugs		:
bogomips	: 4988.60
clflush size	: 64
cache_alignment	: 64
address sizes	: 39 bits physical, 48 bits virtual
power management:

processor	: 5
vendor_id	: GenuineIntel
cpu family	: 6
model		: 60
model name	: Intel(R) Core(TM) i7-4710HQ CPU @ 2.50GHz
stepping	: 3
microcode	: 0x1a
cpu MHz		: 3080.749
cache size	: 6144 KB
physical id	: 0
siblings	: 8
core id		: 1
cpu cores	: 4
apicid		: 3
initial apicid	: 3
fpu		: yes
fpu_exception	: yes
cpuid level	: 13
wp		: yes
flags		: fpu vme de pse tsc msr pae mce cx8 apic sep mtrr pge mca cmov pat pse36 clflush dts acpi mmx fxsr sse sse2 ss ht tm pbe syscall nx pdpe1gb rdtscp lm constant_tsc arch_perfmon pebs bts rep_good nopl xtopology nonstop_tsc aperfmperf pni pclmulqdq dtes64 monitor ds_cpl vmx est tm2 ssse3 sdbg fma cx16 xtpr pdcm pcid sse4_1 sse4_2 x2apic movbe popcnt tsc_deadline_timer aes xsave avx f16c rdrand lahf_lm abm epb tpr_shadow vnmi flexpriority ept vpid fsgsbase tsc_adjust bmi1 avx2 smep bmi2 erms invpcid xsaveopt dtherm ida arat pln pts
bugs		:
bogomips	: 4988.60
clflush size	: 64
cache_alignment	: 64
address sizes	: 39 bits physical, 48 bits virtual
power management:

processor	: 6
vendor_id	: GenuineIntel
cpu family	: 6
model		: 60
model name	: Intel(R) Core(TM) i7-4710HQ CPU @ 2.50GHz
stepping	: 3
microcode	: 0x1a
cpu MHz		: 1900.024
cache size	: 6144 KB
physical id	: 0
siblings	: 8
core id		: 2
cpu cores	: 4
apicid		: 5
initial apicid	: 5
fpu		: yes
fpu_exception	: yes
cpuid level	: 13
wp		: yes
flags		: fpu vme de pse tsc msr pae mce cx8 apic sep mtrr pge mca cmov pat pse36 clflush dts acpi mmx fxsr sse sse2 ss ht tm pbe syscall nx pdpe1gb rdtscp lm constant_tsc arch_perfmon pebs bts rep_good nopl xtopology nonstop_tsc aperfmperf pni pclmulqdq dtes64 monitor ds_cpl vmx est tm2 ssse3 sdbg fma cx16 xtpr pdcm pcid sse4_1 sse4_2 x2apic movbe popcnt tsc_deadline_timer aes xsave avx f16c rdrand lahf_lm abm epb tpr_shadow vnmi flexpriority ept vpid fsgsbase tsc_adjust bmi1 avx2 smep bmi2 erms invpcid xsaveopt dtherm ida arat pln pts
bugs		:
bogomips	: 4988.60
clflush size	: 64
cache_alignment	: 64
address sizes	: 39 bits physical, 48 bits virtual
power management:

processor	: 7
vendor_id	: GenuineIntel
cpu family	: 6
model		: 60
model name	: Intel(R) Core(TM) i7-4710HQ CPU @ 2.50GHz
stepping	: 3
microcode	: 0x1a
cpu MHz		: 1900.177
cache size	: 6144 KB
physical id	: 0
siblings	: 8
core id		: 3
cpu cores	: 4
apicid		: 7
initial apicid	: 7
fpu		: yes
fpu_exception	: yes
cpuid level	: 13
wp		: yes
flags		: fpu vme de pse tsc msr pae mce cx8 apic sep mtrr pge mca cmov pat pse36 clflush dts acpi mmx fxsr sse sse2 ss ht tm pbe syscall nx pdpe1gb rdtscp lm constant_tsc arch_perfmon pebs bts rep_good nopl xtopology nonstop_tsc aperfmperf pni pclmulqdq dtes64 monitor ds_cpl vmx est tm2 ssse3 sdbg fma cx16 xtpr pdcm pcid sse4_1 sse4_2 x2apic movbe popcnt tsc_deadline_timer aes xsave avx f16c rdrand lahf_lm abm epb tpr_shadow vnmi flexpriority ept vpid fsgsbase tsc_adjust bmi1 avx2 smep bmi2 erms invpcid xsaveopt dtherm ida arat pln pts
bugs		:
bogomips	: 4988.60
clflush size	: 64
cache_alignment	: 64
address sizes	: 39 bits physical, 48 bits virtual
power management:



Memory: 4k page, physical 8091304k(825160k free), swap 8304636k(8304636k free)

vm_info: OpenJDK 64-Bit Server VM (25.151-b12) for linux-amd64 JRE (1.8.0_151-8u151-b12-0ubuntu0.16.04.2-b12), built on Oct 27 2017 21:59:02 by "buildd" with gcc 5.4.0 20160609

time: Wed Nov 29 23:10:52 2017
elapsed time: 18 seconds (0d 0h 0m 18s)

